{"/Users/andrew/github/neo4j/graph-diagram/src/index.ts": {"path":"/Users/andrew/github/neo4j/graph-diagram/src/index.ts","statementMap":{"0":{"start":{"line":1,"column":13},"end":{"line":1,"column":3191}},"1":{"start":{"line":1,"column":3191},"end":{"line":1,"column":3204}},"2":{"start":{"line":2,"column":0},"end":{"line":2,"column":62}},"3":{"start":{"line":3,"column":23},"end":{"line":3,"column":61}},"4":{"start":{"line":4,"column":0},"end":{"line":4,"column":46}},"5":{"start":{"line":5,"column":18},"end":{"line":5,"column":59}},"6":{"start":{"line":6,"column":0},"end":{"line":6,"column":36}},"7":{"start":{"line":7,"column":17},"end":{"line":7,"column":56}},"8":{"start":{"line":8,"column":0},"end":{"line":8,"column":34}},"9":{"start":{"line":9,"column":16},"end":{"line":9,"column":53}},"10":{"start":{"line":10,"column":0},"end":{"line":10,"column":32}},"11":{"start":{"line":11,"column":15},"end":{"line":11,"column":51}},"12":{"start":{"line":12,"column":0},"end":{"line":12,"column":30}},"13":{"start":{"line":13,"column":22},"end":{"line":13,"column":65}},"14":{"start":{"line":14,"column":0},"end":{"line":14,"column":44}},"15":{"start":{"line":15,"column":29},"end":{"line":15,"column":79}},"16":{"start":{"line":16,"column":0},"end":{"line":16,"column":58}},"17":{"start":{"line":17,"column":23},"end":{"line":17,"column":67}},"18":{"start":{"line":18,"column":0},"end":{"line":18,"column":46}},"19":{"start":{"line":19,"column":18},"end":{"line":19,"column":59}},"20":{"start":{"line":20,"column":0},"end":{"line":20,"column":36}},"21":{"start":{"line":21,"column":22},"end":{"line":21,"column":66}},"22":{"start":{"line":22,"column":0},"end":{"line":22,"column":44}},"23":{"start":{"line":23,"column":21},"end":{"line":23,"column":64}},"24":{"start":{"line":24,"column":0},"end":{"line":24,"column":42}}},"fnMap":{},"branchMap":{},"s":{"0":0,"1":0,"2":0,"3":0,"4":0,"5":0,"6":0,"7":0,"8":0,"9":0,"10":0,"11":0,"12":0,"13":0,"14":0,"15":0,"16":0,"17":0,"18":0,"19":0,"20":0,"21":0,"22":0,"23":0,"24":0},"f":{},"b":{}}
,"/Users/andrew/github/neo4j/graph-diagram/src/graphDiagram/GraphDiagram.ts": {"path":"/Users/andrew/github/neo4j/graph-diagram/src/graphDiagram/GraphDiagram.ts","statementMap":{"0":{"start":{"line":1,"column":13},"end":{"line":1,"column":4717}},"1":{"start":{"line":1,"column":4717},"end":{"line":1,"column":4730}},"2":{"start":{"line":2,"column":0},"end":{"line":2,"column":62}},"3":{"start":{"line":3,"column":11},"end":{"line":3,"column":24}},"4":{"start":{"line":6,"column":21},"end":{"line":6,"column":22}},"5":{"start":{"line":7,"column":8},"end":{"line":12,"column":9}},"6":{"start":{"line":8,"column":12},"end":{"line":8,"column":55}},"7":{"start":{"line":13,"column":8},"end":{"line":13,"column":22}},"8":{"start":{"line":16,"column":23},"end":{"line":16,"column":31}},"9":{"start":{"line":17,"column":25},"end":{"line":17,"column":35}},"10":{"start":{"line":18,"column":30},"end":{"line":18,"column":76}},"11":{"start":{"line":19,"column":8},"end":{"line":20,"column":42}},"12":{"start":{"line":21,"column":21},"end":{"line":21,"column":67}},"13":{"start":{"line":22,"column":22},"end":{"line":22,"column":45}},"14":{"start":{"line":23,"column":8},"end":{"line":23,"column":84}},"15":{"start":{"line":24,"column":8},"end":{"line":24,"column":47}},"16":{"start":{"line":27,"column":8},"end":{"line":27,"column":57}},"17":{"start":{"line":30,"column":0},"end":{"line":30,"column":31}}},"fnMap":{"0":{"name":"(anonymous_0)","decl":{"start":{"line":5,"column":4},"end":{"line":5,"column":5}},"loc":{"start":{"line":5,"column":33},"end":{"line":14,"column":5}},"line":5},"1":{"name":"(anonymous_1)","decl":{"start":{"line":15,"column":4},"end":{"line":15,"column":5}},"loc":{"start":{"line":15,"column":61},"end":{"line":25,"column":5}},"line":15},"2":{"name":"(anonymous_2)","decl":{"start":{"line":26,"column":4},"end":{"line":26,"column":5}},"loc":{"start":{"line":26,"column":33},"end":{"line":28,"column":5}},"line":26}},"branchMap":{"0":{"loc":{"start":{"line":7,"column":8},"end":{"line":12,"column":9}},"type":"if","locations":[{"start":{"line":7,"column":8},"end":{"line":12,"column":9}},{"start":{"line":7,"column":8},"end":{"line":12,"column":9}}],"line":7}},"s":{"0":0,"1":0,"2":0,"3":0,"4":0,"5":0,"6":0,"7":0,"8":0,"9":0,"10":0,"11":0,"12":0,"13":0,"14":0,"15":0,"16":0,"17":0},"f":{"0":0,"1":0,"2":0},"b":{"0":[0,0]}}
,"/Users/andrew/github/neo4j/graph-diagram/src/graphDiagram/arrow/CurvedArrowOutline.ts": {"path":"/Users/andrew/github/neo4j/graph-diagram/src/graphDiagram/arrow/CurvedArrowOutline.ts","statementMap":{"0":{"start":{"line":1,"column":13},"end":{"line":1,"column":19350}},"1":{"start":{"line":1,"column":19350},"end":{"line":1,"column":19363}},"2":{"start":{"line":2,"column":0},"end":{"line":2,"column":62}},"3":{"start":{"line":5,"column":8},"end":{"line":5,"column":39}},"4":{"start":{"line":6,"column":8},"end":{"line":6,"column":35}},"5":{"start":{"line":7,"column":8},"end":{"line":7,"column":35}},"6":{"start":{"line":8,"column":8},"end":{"line":8,"column":35}},"7":{"start":{"line":9,"column":8},"end":{"line":9,"column":37}},"8":{"start":{"line":10,"column":8},"end":{"line":10,"column":35}},"9":{"start":{"line":11,"column":8},"end":{"line":11,"column":37}},"10":{"start":{"line":12,"column":8},"end":{"line":12,"column":66}},"11":{"start":{"line":13,"column":8},"end":{"line":13,"column":87}},"12":{"start":{"line":14,"column":8},"end":{"line":29,"column":9}},"13":{"start":{"line":15,"column":12},"end":{"line":15,"column":55}},"14":{"start":{"line":16,"column":12},"end":{"line":18,"column":62}},"15":{"start":{"line":20,"column":12},"end":{"line":20,"column":116}},"16":{"start":{"line":23,"column":12},"end":{"line":23,"column":53}},"17":{"start":{"line":24,"column":12},"end":{"line":26,"column":75}},"18":{"start":{"line":28,"column":12},"end":{"line":28,"column":96}},"19":{"start":{"line":30,"column":8},"end":{"line":33,"column":111}},"20":{"start":{"line":34,"column":8},"end":{"line":34,"column":60}},"21":{"start":{"line":35,"column":8},"end":{"line":35,"column":46}},"22":{"start":{"line":36,"column":8},"end":{"line":36,"column":122}},"23":{"start":{"line":37,"column":8},"end":{"line":37,"column":47}},"24":{"start":{"line":38,"column":8},"end":{"line":38,"column":45}},"25":{"start":{"line":39,"column":8},"end":{"line":48,"column":18}},"26":{"start":{"line":49,"column":8},"end":{"line":51,"column":83}},"27":{"start":{"line":55,"column":8},"end":{"line":55,"column":21}},"28":{"start":{"line":58,"column":23},"end":{"line":58,"column":76}},"29":{"start":{"line":59,"column":17},"end":{"line":59,"column":55}},"30":{"start":{"line":60,"column":16},"end":{"line":60,"column":41}},"31":{"start":{"line":61,"column":16},"end":{"line":61,"column":45}},"32":{"start":{"line":62,"column":16},"end":{"line":62,"column":76}},"33":{"start":{"line":63,"column":27},"end":{"line":63,"column":99}},"34":{"start":{"line":64,"column":8},"end":{"line":64,"column":77}},"35":{"start":{"line":65,"column":8},"end":{"line":65,"column":28}},"36":{"start":{"line":68,"column":17},"end":{"line":68,"column":92}},"37":{"start":{"line":69,"column":17},"end":{"line":69,"column":29}},"38":{"start":{"line":70,"column":8},"end":{"line":73,"column":18}},"39":{"start":{"line":76,"column":17},"end":{"line":76,"column":92}},"40":{"start":{"line":77,"column":17},"end":{"line":77,"column":29}},"41":{"start":{"line":78,"column":8},"end":{"line":81,"column":18}},"42":{"start":{"line":84,"column":17},"end":{"line":84,"column":96}},"43":{"start":{"line":85,"column":17},"end":{"line":85,"column":29}},"44":{"start":{"line":86,"column":8},"end":{"line":89,"column":18}},"45":{"start":{"line":92,"column":0},"end":{"line":92,"column":37}}},"fnMap":{"0":{"name":"(anonymous_0)","decl":{"start":{"line":4,"column":4},"end":{"line":4,"column":5}},"loc":{"start":{"line":4,"column":97},"end":{"line":53,"column":5}},"line":4},"1":{"name":"(anonymous_1)","decl":{"start":{"line":54,"column":4},"end":{"line":54,"column":5}},"loc":{"start":{"line":54,"column":14},"end":{"line":56,"column":5}},"line":54},"2":{"name":"(anonymous_2)","decl":{"start":{"line":57,"column":4},"end":{"line":57,"column":5}},"loc":{"start":{"line":57,"column":68},"end":{"line":66,"column":5}},"line":57},"3":{"name":"(anonymous_3)","decl":{"start":{"line":67,"column":4},"end":{"line":67,"column":5}},"loc":{"start":{"line":67,"column":21},"end":{"line":74,"column":5}},"line":67},"4":{"name":"(anonymous_4)","decl":{"start":{"line":75,"column":4},"end":{"line":75,"column":5}},"loc":{"start":{"line":75,"column":19},"end":{"line":82,"column":5}},"line":75},"5":{"name":"(anonymous_5)","decl":{"start":{"line":83,"column":4},"end":{"line":83,"column":5}},"loc":{"start":{"line":83,"column":18},"end":{"line":90,"column":5}},"line":83}},"branchMap":{"0":{"loc":{"start":{"line":14,"column":8},"end":{"line":29,"column":9}},"type":"if","locations":[{"start":{"line":14,"column":8},"end":{"line":29,"column":9}},{"start":{"line":14,"column":8},"end":{"line":29,"column":9}}],"line":14},"1":{"loc":{"start":{"line":42,"column":89},"end":{"line":42,"column":110}},"type":"cond-expr","locations":[{"start":{"line":42,"column":105},"end":{"line":42,"column":106}},{"start":{"line":42,"column":109},"end":{"line":42,"column":110}}],"line":42},"2":{"loc":{"start":{"line":47,"column":89},"end":{"line":47,"column":110}},"type":"cond-expr","locations":[{"start":{"line":47,"column":105},"end":{"line":47,"column":106}},{"start":{"line":47,"column":109},"end":{"line":47,"column":110}}],"line":47},"3":{"loc":{"start":{"line":51,"column":15},"end":{"line":51,"column":80}},"type":"cond-expr","locations":[{"start":{"line":51,"column":29},"end":{"line":51,"column":53}},{"start":{"line":51,"column":56},"end":{"line":51,"column":80}}],"line":51},"4":{"loc":{"start":{"line":68,"column":18},"end":{"line":68,"column":33}},"type":"cond-expr","locations":[{"start":{"line":68,"column":27},"end":{"line":68,"column":29}},{"start":{"line":68,"column":32},"end":{"line":68,"column":33}}],"line":68},"5":{"loc":{"start":{"line":76,"column":18},"end":{"line":76,"column":33}},"type":"cond-expr","locations":[{"start":{"line":76,"column":27},"end":{"line":76,"column":29}},{"start":{"line":76,"column":32},"end":{"line":76,"column":33}}],"line":76},"6":{"loc":{"start":{"line":84,"column":18},"end":{"line":84,"column":33}},"type":"cond-expr","locations":[{"start":{"line":84,"column":27},"end":{"line":84,"column":29}},{"start":{"line":84,"column":32},"end":{"line":84,"column":33}}],"line":84}},"s":{"0":0,"1":0,"2":0,"3":0,"4":0,"5":0,"6":0,"7":0,"8":0,"9":0,"10":0,"11":0,"12":0,"13":0,"14":0,"15":0,"16":0,"17":0,"18":0,"19":0,"20":0,"21":0,"22":0,"23":0,"24":0,"25":0,"26":0,"27":0,"28":0,"29":0,"30":0,"31":0,"32":0,"33":0,"34":0,"35":0,"36":0,"37":0,"38":0,"39":0,"40":0,"41":0,"42":0,"43":0,"44":0,"45":0},"f":{"0":0,"1":0,"2":0,"3":0,"4":0,"5":0},"b":{"0":[0,0],"1":[0,0],"2":[0,0],"3":[0,0],"4":[0,0],"5":[0,0],"6":[0,0]}}
,"/Users/andrew/github/neo4j/graph-diagram/src/graphDiagram/arrow/HorizontalArrowOutline.ts": {"path":"/Users/andrew/github/neo4j/graph-diagram/src/graphDiagram/arrow/HorizontalArrowOutline.ts","statementMap":{"0":{"start":{"line":1,"column":13},"end":{"line":1,"column":3877}},"1":{"start":{"line":1,"column":3877},"end":{"line":1,"column":3890}},"2":{"start":{"line":2,"column":0},"end":{"line":2,"column":62}},"3":{"start":{"line":5,"column":8},"end":{"line":5,"column":42}},"4":{"start":{"line":6,"column":8},"end":{"line":6,"column":41}},"5":{"start":{"line":7,"column":8},"end":{"line":7,"column":46}},"6":{"start":{"line":8,"column":8},"end":{"line":8,"column":84}},"7":{"start":{"line":9,"column":8},"end":{"line":18,"column":18}},"8":{"start":{"line":19,"column":8},"end":{"line":21,"column":19}},"9":{"start":{"line":25,"column":0},"end":{"line":25,"column":41}}},"fnMap":{"0":{"name":"(anonymous_0)","decl":{"start":{"line":4,"column":4},"end":{"line":4,"column":5}},"loc":{"start":{"line":4,"column":40},"end":{"line":23,"column":5}},"line":4}},"branchMap":{"0":{"loc":{"start":{"line":8,"column":24},"end":{"line":8,"column":83}},"type":"cond-expr","locations":[{"start":{"line":8,"column":38},"end":{"line":8,"column":59}},{"start":{"line":8,"column":62},"end":{"line":8,"column":83}}],"line":8}},"s":{"0":0,"1":0,"2":0,"3":0,"4":0,"5":0,"6":0,"7":0,"8":0,"9":0},"f":{"0":0},"b":{"0":[0,0]}}
,"/Users/andrew/github/neo4j/graph-diagram/src/graphDiagram/bubble/Bubble.ts": {"path":"/Users/andrew/github/neo4j/graph-diagram/src/graphDiagram/bubble/Bubble.ts","statementMap":{"0":{"start":{"line":1,"column":13},"end":{"line":1,"column":11255}},"1":{"start":{"line":1,"column":11255},"end":{"line":1,"column":11268}},"2":{"start":{"line":2,"column":0},"end":{"line":2,"column":62}},"3":{"start":{"line":5,"column":8},"end":{"line":5,"column":29}},"4":{"start":{"line":8,"column":0},"end":{"line":53,"column":2}},"5":{"start":{"line":9,"column":16},"end":{"line":9,"column":30}},"6":{"start":{"line":9,"column":40},"end":{"line":9,"column":55}},"7":{"start":{"line":10,"column":17},"end":{"line":49,"column":14}},"8":{"start":{"line":52,"column":4},"end":{"line":52,"column":35}},"9":{"start":{"line":54,"column":0},"end":{"line":54,"column":25}}},"fnMap":{"0":{"name":"(anonymous_0)","decl":{"start":{"line":4,"column":4},"end":{"line":4,"column":5}},"loc":{"start":{"line":4,"column":24},"end":{"line":6,"column":5}},"line":4},"1":{"name":"(anonymous_1)","decl":{"start":{"line":8,"column":26},"end":{"line":8,"column":27}},"loc":{"start":{"line":8,"column":70},"end":{"line":53,"column":1}},"line":8}},"branchMap":{},"s":{"0":0,"1":0,"2":0,"3":0,"4":0,"5":0,"6":0,"7":0,"8":0,"9":0},"f":{"0":0,"1":0},"b":{}}
,"/Users/andrew/github/neo4j/graph-diagram/src/graphDiagram/bubble/NodeSpeechBubble.ts": {"path":"/Users/andrew/github/neo4j/graph-diagram/src/graphDiagram/bubble/NodeSpeechBubble.ts","statementMap":{"0":{"start":{"line":1,"column":13},"end":{"line":1,"column":23117}},"1":{"start":{"line":1,"column":23117},"end":{"line":1,"column":23130}},"2":{"start":{"line":2,"column":0},"end":{"line":2,"column":62}},"3":{"start":{"line":3,"column":11},"end":{"line":3,"column":24}},"4":{"start":{"line":4,"column":23},"end":{"line":4,"column":49}},"5":{"start":{"line":5,"column":17},"end":{"line":5,"column":36}},"6":{"start":{"line":8,"column":8},"end":{"line":8,"column":20}},"7":{"start":{"line":9,"column":27},"end":{"line":9,"column":29}},"8":{"start":{"line":10,"column":8},"end":{"line":17,"column":11}},"9":{"start":{"line":11,"column":12},"end":{"line":13,"column":13}},"10":{"start":{"line":12,"column":16},"end":{"line":12,"column":52}},"11":{"start":{"line":14,"column":12},"end":{"line":16,"column":13}},"12":{"start":{"line":15,"column":16},"end":{"line":15,"column":54}},"13":{"start":{"line":18,"column":26},"end":{"line":18,"column":96}},"14":{"start":{"line":19,"column":25},"end":{"line":19,"column":40}},"15":{"start":{"line":20,"column":32},"end":{"line":22,"column":10}},"16":{"start":{"line":21,"column":12},"end":{"line":21,"column":159}},"17":{"start":{"line":23,"column":34},"end":{"line":25,"column":10}},"18":{"start":{"line":24,"column":12},"end":{"line":24,"column":154}},"19":{"start":{"line":26,"column":23},"end":{"line":28,"column":114}},"20":{"start":{"line":30,"column":21},"end":{"line":30,"column":86}},"21":{"start":{"line":31,"column":21},"end":{"line":31,"column":83}},"22":{"start":{"line":32,"column":22},"end":{"line":32,"column":85}},"23":{"start":{"line":33,"column":29},"end":{"line":33,"column":60}},"24":{"start":{"line":34,"column":32},"end":{"line":48,"column":45}},"25":{"start":{"line":51,"column":31},"end":{"line":51,"column":74}},"26":{"start":{"line":52,"column":25},"end":{"line":52,"column":72}},"27":{"start":{"line":53,"column":24},"end":{"line":54,"column":68}},"28":{"start":{"line":55,"column":25},"end":{"line":59,"column":62}},"29":{"start":{"line":61,"column":30},"end":{"line":61,"column":89}},"30":{"start":{"line":62,"column":26},"end":{"line":66,"column":83}},"31":{"start":{"line":68,"column":8},"end":{"line":76,"column":11}},"32":{"start":{"line":69,"column":12},"end":{"line":74,"column":31}},"33":{"start":{"line":77,"column":8},"end":{"line":77,"column":34}},"34":{"start":{"line":78,"column":8},"end":{"line":78,"column":40}},"35":{"start":{"line":79,"column":8},"end":{"line":79,"column":39}},"36":{"start":{"line":80,"column":8},"end":{"line":81,"column":39}},"37":{"start":{"line":84,"column":0},"end":{"line":118,"column":2}},"38":{"start":{"line":85,"column":23},"end":{"line":93,"column":82}},"39":{"start":{"line":95,"column":4},"end":{"line":97,"column":7}},"40":{"start":{"line":96,"column":8},"end":{"line":96,"column":34}},"41":{"start":{"line":98,"column":4},"end":{"line":108,"column":7}},"42":{"start":{"line":99,"column":8},"end":{"line":107,"column":11}},"43":{"start":{"line":100,"column":24},"end":{"line":100,"column":84}},"44":{"start":{"line":101,"column":12},"end":{"line":103,"column":13}},"45":{"start":{"line":102,"column":16},"end":{"line":102,"column":36}},"46":{"start":{"line":104,"column":12},"end":{"line":106,"column":13}},"47":{"start":{"line":105,"column":16},"end":{"line":105,"column":44}},"48":{"start":{"line":109,"column":19},"end":{"line":109,"column":20}},"49":{"start":{"line":110,"column":26},"end":{"line":110,"column":41}},"50":{"start":{"line":111,"column":4},"end":{"line":116,"column":7}},"51":{"start":{"line":112,"column":8},"end":{"line":115,"column":9}},"52":{"start":{"line":113,"column":12},"end":{"line":113,"column":43}},"53":{"start":{"line":114,"column":12},"end":{"line":114,"column":42}},"54":{"start":{"line":117,"column":4},"end":{"line":117,"column":27}},"55":{"start":{"line":119,"column":0},"end":{"line":119,"column":35}}},"fnMap":{"0":{"name":"(anonymous_0)","decl":{"start":{"line":7,"column":4},"end":{"line":7,"column":5}},"loc":{"start":{"line":7,"column":30},"end":{"line":82,"column":5}},"line":7},"1":{"name":"(anonymous_1)","decl":{"start":{"line":10,"column":46},"end":{"line":10,"column":47}},"loc":{"start":{"line":10,"column":70},"end":{"line":17,"column":9}},"line":10},"2":{"name":"(anonymous_2)","decl":{"start":{"line":20,"column":58},"end":{"line":20,"column":59}},"loc":{"start":{"line":20,"column":78},"end":{"line":22,"column":9}},"line":20},"3":{"name":"(anonymous_3)","decl":{"start":{"line":23,"column":60},"end":{"line":23,"column":61}},"loc":{"start":{"line":23,"column":80},"end":{"line":25,"column":9}},"line":23},"4":{"name":"(anonymous_4)","decl":{"start":{"line":68,"column":48},"end":{"line":68,"column":49}},"loc":{"start":{"line":68,"column":68},"end":{"line":76,"column":9}},"line":68},"5":{"name":"(anonymous_5)","decl":{"start":{"line":84,"column":53},"end":{"line":84,"column":54}},"loc":{"start":{"line":84,"column":88},"end":{"line":118,"column":1}},"line":84},"6":{"name":"(anonymous_6)","decl":{"start":{"line":95,"column":25},"end":{"line":95,"column":26}},"loc":{"start":{"line":95,"column":48},"end":{"line":97,"column":5}},"line":95},"7":{"name":"(anonymous_7)","decl":{"start":{"line":98,"column":25},"end":{"line":98,"column":26}},"loc":{"start":{"line":98,"column":48},"end":{"line":108,"column":5}},"line":98},"8":{"name":"(anonymous_8)","decl":{"start":{"line":99,"column":29},"end":{"line":99,"column":30}},"loc":{"start":{"line":99,"column":52},"end":{"line":107,"column":9}},"line":99},"9":{"name":"(anonymous_9)","decl":{"start":{"line":111,"column":25},"end":{"line":111,"column":26}},"loc":{"start":{"line":111,"column":48},"end":{"line":116,"column":5}},"line":111}},"branchMap":{"0":{"loc":{"start":{"line":11,"column":12},"end":{"line":13,"column":13}},"type":"if","locations":[{"start":{"line":11,"column":12},"end":{"line":13,"column":13}},{"start":{"line":11,"column":12},"end":{"line":13,"column":13}}],"line":11},"1":{"loc":{"start":{"line":14,"column":12},"end":{"line":16,"column":13}},"type":"if","locations":[{"start":{"line":14,"column":12},"end":{"line":16,"column":13}},{"start":{"line":14,"column":12},"end":{"line":16,"column":13}}],"line":14},"2":{"loc":{"start":{"line":57,"column":12},"end":{"line":57,"column":58}},"type":"cond-expr","locations":[{"start":{"line":57,"column":40},"end":{"line":57,"column":54}},{"start":{"line":57,"column":57},"end":{"line":57,"column":58}}],"line":57},"3":{"loc":{"start":{"line":59,"column":12},"end":{"line":59,"column":59}},"type":"cond-expr","locations":[{"start":{"line":59,"column":40},"end":{"line":59,"column":55}},{"start":{"line":59,"column":58},"end":{"line":59,"column":59}}],"line":59},"4":{"loc":{"start":{"line":101,"column":12},"end":{"line":103,"column":13}},"type":"if","locations":[{"start":{"line":101,"column":12},"end":{"line":103,"column":13}},{"start":{"line":101,"column":12},"end":{"line":103,"column":13}}],"line":101},"5":{"loc":{"start":{"line":104,"column":12},"end":{"line":106,"column":13}},"type":"if","locations":[{"start":{"line":104,"column":12},"end":{"line":106,"column":13}},{"start":{"line":104,"column":12},"end":{"line":106,"column":13}}],"line":104},"6":{"loc":{"start":{"line":112,"column":8},"end":{"line":115,"column":9}},"type":"if","locations":[{"start":{"line":112,"column":8},"end":{"line":115,"column":9}},{"start":{"line":112,"column":8},"end":{"line":115,"column":9}}],"line":112}},"s":{"0":0,"1":0,"2":0,"3":0,"4":0,"5":0,"6":0,"7":0,"8":0,"9":0,"10":0,"11":0,"12":0,"13":0,"14":0,"15":0,"16":0,"17":0,"18":0,"19":0,"20":0,"21":0,"22":0,"23":0,"24":0,"25":0,"26":0,"27":0,"28":0,"29":0,"30":0,"31":0,"32":0,"33":0,"34":0,"35":0,"36":0,"37":0,"38":0,"39":0,"40":0,"41":0,"42":0,"43":0,"44":0,"45":0,"46":0,"47":0,"48":0,"49":0,"50":0,"51":0,"52":0,"53":0,"54":0,"55":0},"f":{"0":0,"1":0,"2":0,"3":0,"4":0,"5":0,"6":0,"7":0,"8":0,"9":0},"b":{"0":[0,0],"1":[0,0],"2":[0,0],"3":[0,0],"4":[0,0],"5":[0,0],"6":[0,0]}}
,"/Users/andrew/github/neo4j/graph-diagram/src/graphDiagram/bubble/Radius.ts": {"path":"/Users/andrew/github/neo4j/graph-diagram/src/graphDiagram/bubble/Radius.ts","statementMap":{"0":{"start":{"line":1,"column":13},"end":{"line":1,"column":4855}},"1":{"start":{"line":1,"column":4855},"end":{"line":1,"column":4868}},"2":{"start":{"line":2,"column":0},"end":{"line":2,"column":62}},"3":{"start":{"line":5,"column":8},"end":{"line":5,"column":41}},"4":{"start":{"line":6,"column":8},"end":{"line":6,"column":60}},"5":{"start":{"line":7,"column":8},"end":{"line":7,"column":60}},"6":{"start":{"line":10,"column":8},"end":{"line":13,"column":9}},"7":{"start":{"line":11,"column":12},"end":{"line":11,"column":45}},"8":{"start":{"line":12,"column":12},"end":{"line":12,"column":24}},"9":{"start":{"line":14,"column":8},"end":{"line":14,"column":33}},"10":{"start":{"line":18,"column":8},"end":{"line":18,"column":32}},"11":{"start":{"line":21,"column":8},"end":{"line":21,"column":39}},"12":{"start":{"line":25,"column":8},"end":{"line":25,"column":32}},"13":{"start":{"line":28,"column":8},"end":{"line":28,"column":39}},"14":{"start":{"line":32,"column":8},"end":{"line":32,"column":56}},"15":{"start":{"line":36,"column":8},"end":{"line":36,"column":52}},"16":{"start":{"line":40,"column":8},"end":{"line":40,"column":71}},"17":{"start":{"line":44,"column":8},"end":{"line":44,"column":71}},"18":{"start":{"line":48,"column":0},"end":{"line":48,"column":25}}},"fnMap":{"0":{"name":"(anonymous_0)","decl":{"start":{"line":4,"column":4},"end":{"line":4,"column":5}},"loc":{"start":{"line":4,"column":37},"end":{"line":8,"column":5}},"line":4},"1":{"name":"(anonymous_1)","decl":{"start":{"line":9,"column":4},"end":{"line":9,"column":5}},"loc":{"start":{"line":9,"column":25},"end":{"line":15,"column":5}},"line":9},"2":{"name":"(anonymous_2)","decl":{"start":{"line":17,"column":4},"end":{"line":17,"column":5}},"loc":{"start":{"line":17,"column":17},"end":{"line":19,"column":5}},"line":17},"3":{"name":"(anonymous_3)","decl":{"start":{"line":20,"column":4},"end":{"line":20,"column":5}},"loc":{"start":{"line":20,"column":28},"end":{"line":22,"column":5}},"line":20},"4":{"name":"(anonymous_4)","decl":{"start":{"line":24,"column":4},"end":{"line":24,"column":5}},"loc":{"start":{"line":24,"column":17},"end":{"line":26,"column":5}},"line":24},"5":{"name":"(anonymous_5)","decl":{"start":{"line":27,"column":4},"end":{"line":27,"column":5}},"loc":{"start":{"line":27,"column":28},"end":{"line":29,"column":5}},"line":27},"6":{"name":"(anonymous_6)","decl":{"start":{"line":31,"column":4},"end":{"line":31,"column":5}},"loc":{"start":{"line":31,"column":10},"end":{"line":33,"column":5}},"line":31},"7":{"name":"(anonymous_7)","decl":{"start":{"line":35,"column":4},"end":{"line":35,"column":5}},"loc":{"start":{"line":35,"column":14},"end":{"line":37,"column":5}},"line":35},"8":{"name":"(anonymous_8)","decl":{"start":{"line":39,"column":4},"end":{"line":39,"column":5}},"loc":{"start":{"line":39,"column":24},"end":{"line":41,"column":5}},"line":39},"9":{"name":"(anonymous_9)","decl":{"start":{"line":43,"column":4},"end":{"line":43,"column":5}},"loc":{"start":{"line":43,"column":22},"end":{"line":45,"column":5}},"line":43}},"branchMap":{"0":{"loc":{"start":{"line":10,"column":8},"end":{"line":13,"column":9}},"type":"if","locations":[{"start":{"line":10,"column":8},"end":{"line":13,"column":9}},{"start":{"line":10,"column":8},"end":{"line":13,"column":9}}],"line":10}},"s":{"0":0,"1":0,"2":0,"3":0,"4":0,"5":0,"6":0,"7":0,"8":0,"9":0,"10":0,"11":0,"12":0,"13":0,"14":0,"15":0,"16":0,"17":0,"18":0},"f":{"0":0,"1":0,"2":0,"3":0,"4":0,"5":0,"6":0,"7":0,"8":0,"9":0},"b":{"0":[0,0]}}
,"/Users/andrew/github/neo4j/graph-diagram/src/graphDiagram/bubble/RelationshipSpeechBubble.ts": {"path":"/Users/andrew/github/neo4j/graph-diagram/src/graphDiagram/bubble/RelationshipSpeechBubble.ts","statementMap":{"0":{"start":{"line":1,"column":13},"end":{"line":1,"column":20149}},"1":{"start":{"line":1,"column":20149},"end":{"line":1,"column":20162}},"2":{"start":{"line":2,"column":0},"end":{"line":2,"column":62}},"3":{"start":{"line":3,"column":11},"end":{"line":3,"column":24}},"4":{"start":{"line":4,"column":23},"end":{"line":4,"column":49}},"5":{"start":{"line":5,"column":17},"end":{"line":5,"column":36}},"6":{"start":{"line":8,"column":8},"end":{"line":8,"column":28}},"7":{"start":{"line":9,"column":25},"end":{"line":9,"column":48}},"8":{"start":{"line":10,"column":23},"end":{"line":10,"column":65}},"9":{"start":{"line":11,"column":25},"end":{"line":11,"column":69}},"10":{"start":{"line":12,"column":26},"end":{"line":12,"column":106}},"11":{"start":{"line":13,"column":32},"end":{"line":15,"column":10}},"12":{"start":{"line":14,"column":12},"end":{"line":14,"column":107}},"13":{"start":{"line":16,"column":34},"end":{"line":18,"column":10}},"14":{"start":{"line":17,"column":12},"end":{"line":17,"column":102}},"15":{"start":{"line":19,"column":23},"end":{"line":21,"column":114}},"16":{"start":{"line":23,"column":21},"end":{"line":23,"column":83}},"17":{"start":{"line":24,"column":22},"end":{"line":24,"column":85}},"18":{"start":{"line":25,"column":21},"end":{"line":25,"column":86}},"19":{"start":{"line":26,"column":32},"end":{"line":42,"column":45}},"20":{"start":{"line":46,"column":25},"end":{"line":46,"column":72}},"21":{"start":{"line":47,"column":17},"end":{"line":47,"column":64}},"22":{"start":{"line":48,"column":17},"end":{"line":48,"column":64}},"23":{"start":{"line":49,"column":16},"end":{"line":49,"column":44}},"24":{"start":{"line":50,"column":23},"end":{"line":52,"column":74}},"25":{"start":{"line":54,"column":24},"end":{"line":54,"column":75}},"26":{"start":{"line":55,"column":25},"end":{"line":59,"column":62}},"27":{"start":{"line":61,"column":30},"end":{"line":61,"column":97}},"28":{"start":{"line":62,"column":26},"end":{"line":66,"column":83}},"29":{"start":{"line":68,"column":8},"end":{"line":76,"column":11}},"30":{"start":{"line":69,"column":12},"end":{"line":74,"column":39}},"31":{"start":{"line":77,"column":8},"end":{"line":77,"column":42}},"32":{"start":{"line":78,"column":8},"end":{"line":78,"column":35}},"33":{"start":{"line":79,"column":8},"end":{"line":79,"column":40}},"34":{"start":{"line":80,"column":8},"end":{"line":80,"column":39}},"35":{"start":{"line":81,"column":8},"end":{"line":81,"column":107}},"36":{"start":{"line":82,"column":8},"end":{"line":82,"column":39}},"37":{"start":{"line":85,"column":27},"end":{"line":90,"column":80}},"38":{"start":{"line":92,"column":32},"end":{"line":92,"column":76}},"39":{"start":{"line":93,"column":28},"end":{"line":93,"column":95}},"40":{"start":{"line":94,"column":8},"end":{"line":111,"column":9}},"41":{"start":{"line":95,"column":12},"end":{"line":95,"column":38}},"42":{"start":{"line":97,"column":8},"end":{"line":111,"column":9}},"43":{"start":{"line":98,"column":12},"end":{"line":98,"column":43}},"44":{"start":{"line":100,"column":8},"end":{"line":111,"column":9}},"45":{"start":{"line":101,"column":12},"end":{"line":101,"column":37}},"46":{"start":{"line":103,"column":8},"end":{"line":111,"column":9}},"47":{"start":{"line":104,"column":12},"end":{"line":104,"column":81}},"48":{"start":{"line":106,"column":8},"end":{"line":111,"column":9}},"49":{"start":{"line":107,"column":12},"end":{"line":107,"column":37}},"50":{"start":{"line":110,"column":12},"end":{"line":110,"column":43}},"51":{"start":{"line":114,"column":0},"end":{"line":114,"column":43}}},"fnMap":{"0":{"name":"(anonymous_0)","decl":{"start":{"line":7,"column":4},"end":{"line":7,"column":5}},"loc":{"start":{"line":7,"column":36},"end":{"line":83,"column":5}},"line":7},"1":{"name":"(anonymous_1)","decl":{"start":{"line":13,"column":58},"end":{"line":13,"column":59}},"loc":{"start":{"line":13,"column":78},"end":{"line":15,"column":9}},"line":13},"2":{"name":"(anonymous_2)","decl":{"start":{"line":16,"column":60},"end":{"line":16,"column":61}},"loc":{"start":{"line":16,"column":80},"end":{"line":18,"column":9}},"line":16},"3":{"name":"(anonymous_3)","decl":{"start":{"line":68,"column":48},"end":{"line":68,"column":49}},"loc":{"start":{"line":68,"column":68},"end":{"line":76,"column":9}},"line":68},"4":{"name":"(anonymous_4)","decl":{"start":{"line":84,"column":4},"end":{"line":84,"column":5}},"loc":{"start":{"line":84,"column":67},"end":{"line":112,"column":5}},"line":84}},"branchMap":{"0":{"loc":{"start":{"line":57,"column":12},"end":{"line":57,"column":58}},"type":"cond-expr","locations":[{"start":{"line":57,"column":40},"end":{"line":57,"column":54}},{"start":{"line":57,"column":57},"end":{"line":57,"column":58}}],"line":57},"1":{"loc":{"start":{"line":59,"column":12},"end":{"line":59,"column":59}},"type":"cond-expr","locations":[{"start":{"line":59,"column":40},"end":{"line":59,"column":55}},{"start":{"line":59,"column":58},"end":{"line":59,"column":59}}],"line":59},"2":{"loc":{"start":{"line":93,"column":28},"end":{"line":93,"column":95}},"type":"cond-expr","locations":[{"start":{"line":93,"column":52},"end":{"line":93,"column":69}},{"start":{"line":93,"column":72},"end":{"line":93,"column":95}}],"line":93},"3":{"loc":{"start":{"line":94,"column":8},"end":{"line":111,"column":9}},"type":"if","locations":[{"start":{"line":94,"column":8},"end":{"line":111,"column":9}},{"start":{"line":94,"column":8},"end":{"line":111,"column":9}}],"line":94},"4":{"loc":{"start":{"line":94,"column":12},"end":{"line":94,"column":52}},"type":"binary-expr","locations":[{"start":{"line":94,"column":12},"end":{"line":94,"column":31}},{"start":{"line":94,"column":35},"end":{"line":94,"column":52}}],"line":94},"5":{"loc":{"start":{"line":97,"column":8},"end":{"line":111,"column":9}},"type":"if","locations":[{"start":{"line":97,"column":8},"end":{"line":111,"column":9}},{"start":{"line":97,"column":8},"end":{"line":111,"column":9}}],"line":97},"6":{"loc":{"start":{"line":100,"column":8},"end":{"line":111,"column":9}},"type":"if","locations":[{"start":{"line":100,"column":8},"end":{"line":111,"column":9}},{"start":{"line":100,"column":8},"end":{"line":111,"column":9}}],"line":100},"7":{"loc":{"start":{"line":103,"column":8},"end":{"line":111,"column":9}},"type":"if","locations":[{"start":{"line":103,"column":8},"end":{"line":111,"column":9}},{"start":{"line":103,"column":8},"end":{"line":111,"column":9}}],"line":103},"8":{"loc":{"start":{"line":104,"column":19},"end":{"line":104,"column":80}},"type":"cond-expr","locations":[{"start":{"line":104,"column":43},"end":{"line":104,"column":60}},{"start":{"line":104,"column":63},"end":{"line":104,"column":80}}],"line":104},"9":{"loc":{"start":{"line":106,"column":8},"end":{"line":111,"column":9}},"type":"if","locations":[{"start":{"line":106,"column":8},"end":{"line":111,"column":9}},{"start":{"line":106,"column":8},"end":{"line":111,"column":9}}],"line":106}},"s":{"0":0,"1":0,"2":0,"3":0,"4":0,"5":0,"6":0,"7":0,"8":0,"9":0,"10":0,"11":0,"12":0,"13":0,"14":0,"15":0,"16":0,"17":0,"18":0,"19":0,"20":0,"21":0,"22":0,"23":0,"24":0,"25":0,"26":0,"27":0,"28":0,"29":0,"30":0,"31":0,"32":0,"33":0,"34":0,"35":0,"36":0,"37":0,"38":0,"39":0,"40":0,"41":0,"42":0,"43":0,"44":0,"45":0,"46":0,"47":0,"48":0,"49":0,"50":0,"51":0},"f":{"0":0,"1":0,"2":0,"3":0,"4":0},"b":{"0":[0,0],"1":[0,0],"2":[0,0],"3":[0,0],"4":[0,0],"5":[0,0],"6":[0,0],"7":[0,0],"8":[0,0],"9":[0,0]}}
,"/Users/andrew/github/neo4j/graph-diagram/src/graphDiagram/diagram/Diagram.ts": {"path":"/Users/andrew/github/neo4j/graph-diagram/src/graphDiagram/diagram/Diagram.ts","statementMap":{"0":{"start":{"line":1,"column":13},"end":{"line":1,"column":49666}},"1":{"start":{"line":1,"column":49666},"end":{"line":1,"column":49679}},"2":{"start":{"line":2,"column":0},"end":{"line":2,"column":62}},"3":{"start":{"line":3,"column":11},"end":{"line":3,"column":24}},"4":{"start":{"line":4,"column":23},"end":{"line":4,"column":49}},"5":{"start":{"line":5,"column":17},"end":{"line":5,"column":44}},"6":{"start":{"line":6,"column":18},"end":{"line":6,"column":47}},"7":{"start":{"line":10,"column":8},"end":{"line":10,"column":56}},"8":{"start":{"line":11,"column":8},"end":{"line":11,"column":62}},"9":{"start":{"line":12,"column":8},"end":{"line":12,"column":20}},"10":{"start":{"line":15,"column":8},"end":{"line":15,"column":34}},"11":{"start":{"line":16,"column":8},"end":{"line":16,"column":20}},"12":{"start":{"line":20,"column":8},"end":{"line":20,"column":40}},"13":{"start":{"line":21,"column":8},"end":{"line":21,"column":20}},"14":{"start":{"line":26,"column":25},"end":{"line":26,"column":82}},"15":{"start":{"line":27,"column":12},"end":{"line":27,"column":26}},"16":{"start":{"line":29,"column":22},"end":{"line":29,"column":63}},"17":{"start":{"line":30,"column":8},"end":{"line":30,"column":32}},"18":{"start":{"line":31,"column":27},"end":{"line":53,"column":10}},"19":{"start":{"line":36,"column":12},"end":{"line":36,"column":37}},"20":{"start":{"line":39,"column":12},"end":{"line":39,"column":56}},"21":{"start":{"line":42,"column":12},"end":{"line":42,"column":52}},"22":{"start":{"line":45,"column":12},"end":{"line":45,"column":52}},"23":{"start":{"line":48,"column":21},"end":{"line":48,"column":36}},"24":{"start":{"line":49,"column":12},"end":{"line":49,"column":22}},"25":{"start":{"line":52,"column":12},"end":{"line":52,"column":35}},"26":{"start":{"line":55,"column":12},"end":{"line":55,"column":56}},"27":{"start":{"line":57,"column":32},"end":{"line":57,"column":90}},"28":{"start":{"line":57,"column":62},"end":{"line":57,"column":88}},"29":{"start":{"line":58,"column":28},"end":{"line":59,"column":31}},"30":{"start":{"line":60,"column":8},"end":{"line":60,"column":38}},"31":{"start":{"line":61,"column":33},"end":{"line":62,"column":32}},"32":{"start":{"line":63,"column":33},"end":{"line":63,"column":72}},"33":{"start":{"line":64,"column":23},"end":{"line":70,"column":10}},"34":{"start":{"line":66,"column":23},"end":{"line":68,"column":14}},"35":{"start":{"line":67,"column":16},"end":{"line":67,"column":53}},"36":{"start":{"line":69,"column":12},"end":{"line":69,"column":24}},"37":{"start":{"line":71,"column":8},"end":{"line":71,"column":33}},"38":{"start":{"line":72,"column":28},"end":{"line":73,"column":37}},"39":{"start":{"line":74,"column":28},"end":{"line":74,"column":57}},"40":{"start":{"line":75,"column":8},"end":{"line":85,"column":11}},"41":{"start":{"line":78,"column":35},"end":{"line":78,"column":63}},"42":{"start":{"line":79,"column":38},"end":{"line":79,"column":144}},"43":{"start":{"line":80,"column":38},"end":{"line":80,"column":76}},"44":{"start":{"line":81,"column":43},"end":{"line":81,"column":85}},"45":{"start":{"line":82,"column":45},"end":{"line":82,"column":89}},"46":{"start":{"line":84,"column":12},"end":{"line":84,"column":32}},"47":{"start":{"line":89,"column":24},"end":{"line":89,"column":58}},"48":{"start":{"line":90,"column":12},"end":{"line":90,"column":108}},"49":{"start":{"line":93,"column":12},"end":{"line":93,"column":78}},"50":{"start":{"line":96,"column":12},"end":{"line":96,"column":64}},"51":{"start":{"line":99,"column":20},"end":{"line":99,"column":27}},"52":{"start":{"line":100,"column":12},"end":{"line":100,"column":39}},"53":{"start":{"line":102,"column":32},"end":{"line":103,"column":32}},"54":{"start":{"line":104,"column":8},"end":{"line":104,"column":42}},"55":{"start":{"line":105,"column":37},"end":{"line":106,"column":37}},"56":{"start":{"line":107,"column":37},"end":{"line":107,"column":84}},"57":{"start":{"line":108,"column":32},"end":{"line":109,"column":38}},"58":{"start":{"line":109,"column":27},"end":{"line":109,"column":36}},"59":{"start":{"line":110,"column":8},"end":{"line":110,"column":42}},"60":{"start":{"line":111,"column":37},"end":{"line":112,"column":42}},"61":{"start":{"line":113,"column":37},"end":{"line":113,"column":84}},"62":{"start":{"line":114,"column":8},"end":{"line":115,"column":82}},"63":{"start":{"line":116,"column":31},"end":{"line":117,"column":40}},"64":{"start":{"line":117,"column":27},"end":{"line":117,"column":38}},"65":{"start":{"line":118,"column":36},"end":{"line":119,"column":42}},"66":{"start":{"line":120,"column":36},"end":{"line":120,"column":81}},"67":{"start":{"line":121,"column":8},"end":{"line":131,"column":11}},"68":{"start":{"line":122,"column":32},"end":{"line":122,"column":55}},"69":{"start":{"line":124,"column":12},"end":{"line":124,"column":56}},"70":{"start":{"line":127,"column":12},"end":{"line":127,"column":52}},"71":{"start":{"line":130,"column":12},"end":{"line":130,"column":52}},"72":{"start":{"line":133,"column":12},"end":{"line":133,"column":79}},"73":{"start":{"line":133,"column":44},"end":{"line":133,"column":76}},"74":{"start":{"line":135,"column":31},"end":{"line":136,"column":46}},"75":{"start":{"line":137,"column":8},"end":{"line":137,"column":41}},"76":{"start":{"line":138,"column":36},"end":{"line":142,"column":48}},"77":{"start":{"line":143,"column":36},"end":{"line":143,"column":81}},"78":{"start":{"line":144,"column":8},"end":{"line":150,"column":62}},"79":{"start":{"line":146,"column":32},"end":{"line":146,"column":64}},"80":{"start":{"line":147,"column":32},"end":{"line":147,"column":64}},"81":{"start":{"line":148,"column":40},"end":{"line":148,"column":74}},"82":{"start":{"line":149,"column":42},"end":{"line":149,"column":78}},"83":{"start":{"line":150,"column":27},"end":{"line":150,"column":59}},"84":{"start":{"line":153,"column":37},"end":{"line":153,"column":90}},"85":{"start":{"line":154,"column":29},"end":{"line":154,"column":108}},"86":{"start":{"line":154,"column":75},"end":{"line":154,"column":106}},"87":{"start":{"line":155,"column":32},"end":{"line":156,"column":28}},"88":{"start":{"line":157,"column":8},"end":{"line":157,"column":42}},"89":{"start":{"line":158,"column":37},"end":{"line":159,"column":74}},"90":{"start":{"line":160,"column":37},"end":{"line":160,"column":84}},"91":{"start":{"line":161,"column":8},"end":{"line":164,"column":11}},"92":{"start":{"line":163,"column":12},"end":{"line":163,"column":47}},"93":{"start":{"line":165,"column":34},"end":{"line":166,"column":40}},"94":{"start":{"line":166,"column":27},"end":{"line":166,"column":38}},"95":{"start":{"line":167,"column":8},"end":{"line":167,"column":44}},"96":{"start":{"line":168,"column":39},"end":{"line":169,"column":46}},"97":{"start":{"line":170,"column":39},"end":{"line":170,"column":90}},"98":{"start":{"line":171,"column":8},"end":{"line":186,"column":11}},"99":{"start":{"line":173,"column":12},"end":{"line":173,"column":49}},"100":{"start":{"line":176,"column":12},"end":{"line":176,"column":44}},"101":{"start":{"line":179,"column":12},"end":{"line":179,"column":76}},"102":{"start":{"line":182,"column":12},"end":{"line":182,"column":72}},"103":{"start":{"line":185,"column":12},"end":{"line":185,"column":72}},"104":{"start":{"line":187,"column":27},"end":{"line":190,"column":10}},"105":{"start":{"line":189,"column":12},"end":{"line":189,"column":43}},"106":{"start":{"line":191,"column":8},"end":{"line":191,"column":37}},"107":{"start":{"line":192,"column":32},"end":{"line":193,"column":59}},"108":{"start":{"line":194,"column":37},"end":{"line":194,"column":74}},"109":{"start":{"line":195,"column":8},"end":{"line":209,"column":11}},"110":{"start":{"line":197,"column":12},"end":{"line":197,"column":43}},"111":{"start":{"line":200,"column":12},"end":{"line":200,"column":141}},"112":{"start":{"line":204,"column":49},"end":{"line":204,"column":104}},"113":{"start":{"line":205,"column":51},"end":{"line":205,"column":108}},"114":{"start":{"line":208,"column":12},"end":{"line":208,"column":38}},"115":{"start":{"line":210,"column":29},"end":{"line":214,"column":10}},"116":{"start":{"line":213,"column":12},"end":{"line":213,"column":43}},"117":{"start":{"line":215,"column":8},"end":{"line":215,"column":39}},"118":{"start":{"line":216,"column":34},"end":{"line":217,"column":61}},"119":{"start":{"line":218,"column":34},"end":{"line":218,"column":75}},"120":{"start":{"line":219,"column":8},"end":{"line":231,"column":11}},"121":{"start":{"line":221,"column":12},"end":{"line":221,"column":43}},"122":{"start":{"line":224,"column":12},"end":{"line":224,"column":141}},"123":{"start":{"line":227,"column":49},"end":{"line":227,"column":104}},"124":{"start":{"line":228,"column":51},"end":{"line":228,"column":108}},"125":{"start":{"line":230,"column":12},"end":{"line":230,"column":40}},"126":{"start":{"line":234,"column":8},"end":{"line":253,"column":11}},"127":{"start":{"line":235,"column":23},"end":{"line":235,"column":38}},"128":{"start":{"line":236,"column":25},"end":{"line":236,"column":52}},"129":{"start":{"line":237,"column":30},"end":{"line":237,"column":48}},"130":{"start":{"line":241,"column":28},"end":{"line":241,"column":74}},"131":{"start":{"line":242,"column":33},"end":{"line":243,"column":46}},"132":{"start":{"line":244,"column":29},"end":{"line":244,"column":52}},"133":{"start":{"line":245,"column":16},"end":{"line":245,"column":30}},"134":{"start":{"line":247,"column":12},"end":{"line":247,"column":93}},"135":{"start":{"line":248,"column":12},"end":{"line":248,"column":64}},"136":{"start":{"line":249,"column":12},"end":{"line":249,"column":92}},"137":{"start":{"line":250,"column":12},"end":{"line":250,"column":116}},"138":{"start":{"line":251,"column":12},"end":{"line":251,"column":57}},"139":{"start":{"line":252,"column":12},"end":{"line":252,"column":45}},"140":{"start":{"line":256,"column":0},"end":{"line":256,"column":26}}},"fnMap":{"0":{"name":"(anonymous_0)","decl":{"start":{"line":9,"column":4},"end":{"line":9,"column":5}},"loc":{"start":{"line":9,"column":18},"end":{"line":13,"column":5}},"line":9},"1":{"name":"(anonymous_1)","decl":{"start":{"line":10,"column":24},"end":{"line":10,"column":25}},"loc":{"start":{"line":10,"column":53},"end":{"line":10,"column":55}},"line":10},"2":{"name":"(anonymous_2)","decl":{"start":{"line":14,"column":4},"end":{"line":14,"column":5}},"loc":{"start":{"line":14,"column":23},"end":{"line":17,"column":5}},"line":14},"3":{"name":"(anonymous_3)","decl":{"start":{"line":19,"column":4},"end":{"line":19,"column":5}},"loc":{"start":{"line":19,"column":29},"end":{"line":22,"column":5}},"line":19},"4":{"name":"(anonymous_4)","decl":{"start":{"line":24,"column":4},"end":{"line":24,"column":5}},"loc":{"start":{"line":24,"column":29},"end":{"line":86,"column":5}},"line":24},"5":{"name":"nodeClasses","decl":{"start":{"line":25,"column":17},"end":{"line":25,"column":28}},"loc":{"start":{"line":25,"column":32},"end":{"line":28,"column":9}},"line":25},"6":{"name":"(anonymous_6)","decl":{"start":{"line":34,"column":18},"end":{"line":34,"column":19}},"loc":{"start":{"line":34,"column":34},"end":{"line":37,"column":9}},"line":34},"7":{"name":"(anonymous_7)","decl":{"start":{"line":38,"column":21},"end":{"line":38,"column":22}},"loc":{"start":{"line":38,"column":37},"end":{"line":40,"column":9}},"line":38},"8":{"name":"(anonymous_8)","decl":{"start":{"line":41,"column":23},"end":{"line":41,"column":24}},"loc":{"start":{"line":41,"column":39},"end":{"line":43,"column":9}},"line":41},"9":{"name":"(anonymous_9)","decl":{"start":{"line":44,"column":29},"end":{"line":44,"column":30}},"loc":{"start":{"line":44,"column":45},"end":{"line":46,"column":9}},"line":44},"10":{"name":"(anonymous_10)","decl":{"start":{"line":47,"column":19},"end":{"line":47,"column":20}},"loc":{"start":{"line":47,"column":35},"end":{"line":50,"column":9}},"line":47},"11":{"name":"(anonymous_11)","decl":{"start":{"line":51,"column":19},"end":{"line":51,"column":20}},"loc":{"start":{"line":51,"column":35},"end":{"line":53,"column":9}},"line":51},"12":{"name":"captionClasses","decl":{"start":{"line":54,"column":17},"end":{"line":54,"column":31}},"loc":{"start":{"line":54,"column":38},"end":{"line":56,"column":9}},"line":54},"13":{"name":"(anonymous_13)","decl":{"start":{"line":57,"column":45},"end":{"line":57,"column":46}},"loc":{"start":{"line":57,"column":61},"end":{"line":57,"column":89}},"line":57},"14":{"name":"(anonymous_14)","decl":{"start":{"line":65,"column":13},"end":{"line":65,"column":14}},"loc":{"start":{"line":65,"column":29},"end":{"line":70,"column":9}},"line":65},"15":{"name":"(anonymous_15)","decl":{"start":{"line":66,"column":45},"end":{"line":66,"column":46}},"loc":{"start":{"line":66,"column":61},"end":{"line":68,"column":13}},"line":66},"16":{"name":"(anonymous_16)","decl":{"start":{"line":78,"column":18},"end":{"line":78,"column":19}},"loc":{"start":{"line":78,"column":34},"end":{"line":78,"column":64}},"line":78},"17":{"name":"(anonymous_17)","decl":{"start":{"line":79,"column":18},"end":{"line":79,"column":19}},"loc":{"start":{"line":79,"column":37},"end":{"line":79,"column":145}},"line":79},"18":{"name":"(anonymous_18)","decl":{"start":{"line":80,"column":21},"end":{"line":80,"column":22}},"loc":{"start":{"line":80,"column":37},"end":{"line":80,"column":77}},"line":80},"19":{"name":"(anonymous_19)","decl":{"start":{"line":81,"column":26},"end":{"line":81,"column":27}},"loc":{"start":{"line":81,"column":42},"end":{"line":81,"column":86}},"line":81},"20":{"name":"(anonymous_20)","decl":{"start":{"line":82,"column":28},"end":{"line":82,"column":29}},"loc":{"start":{"line":82,"column":44},"end":{"line":82,"column":90}},"line":82},"21":{"name":"(anonymous_21)","decl":{"start":{"line":83,"column":13},"end":{"line":83,"column":14}},"loc":{"start":{"line":83,"column":29},"end":{"line":85,"column":9}},"line":83},"22":{"name":"(anonymous_22)","decl":{"start":{"line":87,"column":4},"end":{"line":87,"column":5}},"loc":{"start":{"line":87,"column":50},"end":{"line":151,"column":5}},"line":87},"23":{"name":"translateToStartNodeCenterAndRotateToRelationshipAngle","decl":{"start":{"line":88,"column":17},"end":{"line":88,"column":71}},"loc":{"start":{"line":88,"column":75},"end":{"line":91,"column":9}},"line":88},"24":{"name":"rotateIfRightToLeft","decl":{"start":{"line":92,"column":17},"end":{"line":92,"column":36}},"loc":{"start":{"line":92,"column":40},"end":{"line":94,"column":9}},"line":92},"25":{"name":"side","decl":{"start":{"line":95,"column":17},"end":{"line":95,"column":21}},"loc":{"start":{"line":95,"column":25},"end":{"line":97,"column":9}},"line":95},"26":{"name":"relationshipClasses","decl":{"start":{"line":98,"column":17},"end":{"line":98,"column":36}},"loc":{"start":{"line":98,"column":40},"end":{"line":101,"column":9}},"line":98},"27":{"name":"(anonymous_27)","decl":{"start":{"line":109,"column":13},"end":{"line":109,"column":14}},"loc":{"start":{"line":109,"column":26},"end":{"line":109,"column":37}},"line":109},"28":{"name":"(anonymous_28)","decl":{"start":{"line":117,"column":13},"end":{"line":117,"column":14}},"loc":{"start":{"line":117,"column":26},"end":{"line":117,"column":39}},"line":117},"29":{"name":"(anonymous_29)","decl":{"start":{"line":122,"column":18},"end":{"line":122,"column":19}},"loc":{"start":{"line":122,"column":31},"end":{"line":122,"column":56}},"line":122},"30":{"name":"(anonymous_30)","decl":{"start":{"line":123,"column":21},"end":{"line":123,"column":22}},"loc":{"start":{"line":123,"column":37},"end":{"line":125,"column":9}},"line":123},"31":{"name":"(anonymous_31)","decl":{"start":{"line":126,"column":23},"end":{"line":126,"column":24}},"loc":{"start":{"line":126,"column":39},"end":{"line":128,"column":9}},"line":126},"32":{"name":"(anonymous_32)","decl":{"start":{"line":129,"column":29},"end":{"line":129,"column":30}},"loc":{"start":{"line":129,"column":45},"end":{"line":131,"column":9}},"line":129},"33":{"name":"relationshipWithRelationshipType","decl":{"start":{"line":132,"column":17},"end":{"line":132,"column":49}},"loc":{"start":{"line":132,"column":53},"end":{"line":134,"column":9}},"line":132},"34":{"name":"(anonymous_34)","decl":{"start":{"line":133,"column":30},"end":{"line":133,"column":31}},"loc":{"start":{"line":133,"column":43},"end":{"line":133,"column":77}},"line":133},"35":{"name":"(anonymous_35)","decl":{"start":{"line":146,"column":18},"end":{"line":146,"column":19}},"loc":{"start":{"line":146,"column":31},"end":{"line":146,"column":65}},"line":146},"36":{"name":"(anonymous_36)","decl":{"start":{"line":147,"column":18},"end":{"line":147,"column":19}},"loc":{"start":{"line":147,"column":31},"end":{"line":147,"column":65}},"line":147},"37":{"name":"(anonymous_37)","decl":{"start":{"line":148,"column":26},"end":{"line":148,"column":27}},"loc":{"start":{"line":148,"column":39},"end":{"line":148,"column":75}},"line":148},"38":{"name":"(anonymous_38)","decl":{"start":{"line":149,"column":28},"end":{"line":149,"column":29}},"loc":{"start":{"line":149,"column":41},"end":{"line":149,"column":79}},"line":149},"39":{"name":"(anonymous_39)","decl":{"start":{"line":150,"column":13},"end":{"line":150,"column":14}},"loc":{"start":{"line":150,"column":26},"end":{"line":150,"column":60}},"line":150},"40":{"name":"(anonymous_40)","decl":{"start":{"line":152,"column":4},"end":{"line":152,"column":5}},"loc":{"start":{"line":152,"column":57},"end":{"line":232,"column":5}},"line":152},"41":{"name":"(anonymous_41)","decl":{"start":{"line":154,"column":56},"end":{"line":154,"column":57}},"loc":{"start":{"line":154,"column":74},"end":{"line":154,"column":107}},"line":154},"42":{"name":"(anonymous_42)","decl":{"start":{"line":162,"column":26},"end":{"line":162,"column":27}},"loc":{"start":{"line":162,"column":50},"end":{"line":164,"column":9}},"line":162},"43":{"name":"(anonymous_43)","decl":{"start":{"line":166,"column":13},"end":{"line":166,"column":14}},"loc":{"start":{"line":166,"column":26},"end":{"line":166,"column":39}},"line":166},"44":{"name":"(anonymous_44)","decl":{"start":{"line":172,"column":26},"end":{"line":172,"column":27}},"loc":{"start":{"line":172,"column":50},"end":{"line":174,"column":9}},"line":172},"45":{"name":"(anonymous_45)","decl":{"start":{"line":175,"column":18},"end":{"line":175,"column":19}},"loc":{"start":{"line":175,"column":42},"end":{"line":177,"column":9}},"line":175},"46":{"name":"(anonymous_46)","decl":{"start":{"line":178,"column":21},"end":{"line":178,"column":22}},"loc":{"start":{"line":178,"column":45},"end":{"line":180,"column":9}},"line":178},"47":{"name":"(anonymous_47)","decl":{"start":{"line":181,"column":23},"end":{"line":181,"column":24}},"loc":{"start":{"line":181,"column":47},"end":{"line":183,"column":9}},"line":181},"48":{"name":"(anonymous_48)","decl":{"start":{"line":184,"column":29},"end":{"line":184,"column":30}},"loc":{"start":{"line":184,"column":53},"end":{"line":186,"column":9}},"line":184},"49":{"name":"(anonymous_49)","decl":{"start":{"line":188,"column":13},"end":{"line":188,"column":14}},"loc":{"start":{"line":188,"column":37},"end":{"line":190,"column":9}},"line":188},"50":{"name":"(anonymous_50)","decl":{"start":{"line":196,"column":18},"end":{"line":196,"column":19}},"loc":{"start":{"line":196,"column":40},"end":{"line":198,"column":9}},"line":196},"51":{"name":"(anonymous_51)","decl":{"start":{"line":199,"column":18},"end":{"line":199,"column":19}},"loc":{"start":{"line":199,"column":43},"end":{"line":201,"column":9}},"line":199},"52":{"name":"(anonymous_52)","decl":{"start":{"line":204,"column":26},"end":{"line":204,"column":27}},"loc":{"start":{"line":204,"column":48},"end":{"line":204,"column":105}},"line":204},"53":{"name":"(anonymous_53)","decl":{"start":{"line":205,"column":28},"end":{"line":205,"column":29}},"loc":{"start":{"line":205,"column":50},"end":{"line":205,"column":109}},"line":205},"54":{"name":"(anonymous_54)","decl":{"start":{"line":207,"column":13},"end":{"line":207,"column":14}},"loc":{"start":{"line":207,"column":35},"end":{"line":209,"column":9}},"line":207},"55":{"name":"(anonymous_55)","decl":{"start":{"line":211,"column":13},"end":{"line":211,"column":14}},"loc":{"start":{"line":211,"column":37},"end":{"line":214,"column":9}},"line":211},"56":{"name":"(anonymous_56)","decl":{"start":{"line":220,"column":18},"end":{"line":220,"column":19}},"loc":{"start":{"line":220,"column":40},"end":{"line":222,"column":9}},"line":220},"57":{"name":"(anonymous_57)","decl":{"start":{"line":223,"column":18},"end":{"line":223,"column":19}},"loc":{"start":{"line":223,"column":43},"end":{"line":225,"column":9}},"line":223},"58":{"name":"(anonymous_58)","decl":{"start":{"line":227,"column":26},"end":{"line":227,"column":27}},"loc":{"start":{"line":227,"column":48},"end":{"line":227,"column":105}},"line":227},"59":{"name":"(anonymous_59)","decl":{"start":{"line":228,"column":28},"end":{"line":228,"column":29}},"loc":{"start":{"line":228,"column":50},"end":{"line":228,"column":109}},"line":228},"60":{"name":"(anonymous_60)","decl":{"start":{"line":229,"column":13},"end":{"line":229,"column":14}},"loc":{"start":{"line":229,"column":35},"end":{"line":231,"column":9}},"line":229},"61":{"name":"(anonymous_61)","decl":{"start":{"line":233,"column":4},"end":{"line":233,"column":5}},"loc":{"start":{"line":233,"column":22},"end":{"line":254,"column":5}},"line":233},"62":{"name":"(anonymous_62)","decl":{"start":{"line":234,"column":23},"end":{"line":234,"column":24}},"loc":{"start":{"line":234,"column":40},"end":{"line":253,"column":9}},"line":234},"63":{"name":"layer","decl":{"start":{"line":240,"column":21},"end":{"line":240,"column":26}},"loc":{"start":{"line":240,"column":33},"end":{"line":246,"column":13}},"line":240}},"branchMap":{"0":{"loc":{"start":{"line":93,"column":19},"end":{"line":93,"column":77}},"type":"cond-expr","locations":[{"start":{"line":93,"column":57},"end":{"line":93,"column":70}},{"start":{"line":93,"column":73},"end":{"line":93,"column":77}}],"line":93},"1":{"loc":{"start":{"line":96,"column":19},"end":{"line":96,"column":63}},"type":"cond-expr","locations":[{"start":{"line":96,"column":57},"end":{"line":96,"column":59}},{"start":{"line":96,"column":62},"end":{"line":96,"column":63}}],"line":96}},"s":{"0":0,"1":0,"2":0,"3":0,"4":0,"5":0,"6":0,"7":0,"8":0,"9":0,"10":0,"11":0,"12":0,"13":0,"14":0,"15":0,"16":0,"17":0,"18":0,"19":0,"20":0,"21":0,"22":0,"23":0,"24":0,"25":0,"26":0,"27":0,"28":0,"29":0,"30":0,"31":0,"32":0,"33":0,"34":0,"35":0,"36":0,"37":0,"38":0,"39":0,"40":0,"41":0,"42":0,"43":0,"44":0,"45":0,"46":0,"47":0,"48":0,"49":0,"50":0,"51":0,"52":0,"53":0,"54":0,"55":0,"56":0,"57":0,"58":0,"59":0,"60":0,"61":0,"62":0,"63":0,"64":0,"65":0,"66":0,"67":0,"68":0,"69":0,"70":0,"71":0,"72":0,"73":0,"74":0,"75":0,"76":0,"77":0,"78":0,"79":0,"80":0,"81":0,"82":0,"83":0,"84":0,"85":0,"86":0,"87":0,"88":0,"89":0,"90":0,"91":0,"92":0,"93":0,"94":0,"95":0,"96":0,"97":0,"98":0,"99":0,"100":0,"101":0,"102":0,"103":0,"104":0,"105":0,"106":0,"107":0,"108":0,"109":0,"110":0,"111":0,"112":0,"113":0,"114":0,"115":0,"116":0,"117":0,"118":0,"119":0,"120":0,"121":0,"122":0,"123":0,"124":0,"125":0,"126":0,"127":0,"128":0,"129":0,"130":0,"131":0,"132":0,"133":0,"134":0,"135":0,"136":0,"137":0,"138":0,"139":0,"140":0},"f":{"0":0,"1":0,"2":0,"3":0,"4":0,"5":0,"6":0,"7":0,"8":0,"9":0,"10":0,"11":0,"12":0,"13":0,"14":0,"15":0,"16":0,"17":0,"18":0,"19":0,"20":0,"21":0,"22":0,"23":0,"24":0,"25":0,"26":0,"27":0,"28":0,"29":0,"30":0,"31":0,"32":0,"33":0,"34":0,"35":0,"36":0,"37":0,"38":0,"39":0,"40":0,"41":0,"42":0,"43":0,"44":0,"45":0,"46":0,"47":0,"48":0,"49":0,"50":0,"51":0,"52":0,"53":0,"54":0,"55":0,"56":0,"57":0,"58":0,"59":0,"60":0,"61":0,"62":0,"63":0},"b":{"0":[0,0],"1":[0,0]}}
,"/Users/andrew/github/neo4j/graph-diagram/src/graphDiagram/figure/Figure.ts": {"path":"/Users/andrew/github/neo4j/graph-diagram/src/graphDiagram/figure/Figure.ts","statementMap":{"0":{"start":{"line":1,"column":13},"end":{"line":1,"column":3095}},"1":{"start":{"line":1,"column":3095},"end":{"line":1,"column":3108}},"2":{"start":{"line":2,"column":0},"end":{"line":2,"column":62}},"3":{"start":{"line":3,"column":11},"end":{"line":3,"column":24}},"4":{"start":{"line":4,"column":18},"end":{"line":4,"column":47}},"5":{"start":{"line":5,"column":17},"end":{"line":5,"column":44}},"6":{"start":{"line":8,"column":8},"end":{"line":8,"column":47}},"7":{"start":{"line":9,"column":8},"end":{"line":18,"column":11}},"8":{"start":{"line":10,"column":25},"end":{"line":10,"column":40}},"9":{"start":{"line":11,"column":25},"end":{"line":11,"column":65}},"10":{"start":{"line":12,"column":24},"end":{"line":12,"column":54}},"11":{"start":{"line":13,"column":12},"end":{"line":17,"column":38}},"12":{"start":{"line":21,"column":8},"end":{"line":21,"column":46}},"13":{"start":{"line":22,"column":8},"end":{"line":22,"column":20}},"14":{"start":{"line":25,"column":0},"end":{"line":25,"column":25}}},"fnMap":{"0":{"name":"(anonymous_0)","decl":{"start":{"line":7,"column":4},"end":{"line":7,"column":5}},"loc":{"start":{"line":7,"column":27},"end":{"line":19,"column":5}},"line":7},"1":{"name":"(anonymous_1)","decl":{"start":{"line":9,"column":23},"end":{"line":9,"column":24}},"loc":{"start":{"line":9,"column":35},"end":{"line":18,"column":9}},"line":9},"2":{"name":"(anonymous_2)","decl":{"start":{"line":20,"column":4},"end":{"line":20,"column":5}},"loc":{"start":{"line":20,"column":29},"end":{"line":23,"column":5}},"line":20}},"branchMap":{},"s":{"0":0,"1":0,"2":0,"3":0,"4":0,"5":0,"6":0,"7":0,"8":0,"9":0,"10":0,"11":0,"12":0,"13":0,"14":0},"f":{"0":0,"1":0,"2":0},"b":{}}
,"/Users/andrew/github/neo4j/graph-diagram/src/graphDiagram/layout/Layout.ts": {"path":"/Users/andrew/github/neo4j/graph-diagram/src/graphDiagram/layout/Layout.ts","statementMap":{"0":{"start":{"line":1,"column":13},"end":{"line":1,"column":10764}},"1":{"start":{"line":1,"column":10764},"end":{"line":1,"column":10777}},"2":{"start":{"line":2,"column":0},"end":{"line":2,"column":62}},"3":{"start":{"line":3,"column":23},"end":{"line":3,"column":49}},"4":{"start":{"line":6,"column":29},"end":{"line":6,"column":60}},"5":{"start":{"line":7,"column":21},"end":{"line":7,"column":44}},"6":{"start":{"line":8,"column":33},"end":{"line":8,"column":75}},"7":{"start":{"line":11,"column":8},"end":{"line":11,"column":35}},"8":{"start":{"line":12,"column":8},"end":{"line":16,"column":37}},"9":{"start":{"line":18,"column":8},"end":{"line":23,"column":11}},"10":{"start":{"line":20,"column":29},"end":{"line":20,"column":59}},"11":{"start":{"line":21,"column":12},"end":{"line":21,"column":52}},"12":{"start":{"line":22,"column":12},"end":{"line":22,"column":52}},"13":{"start":{"line":24,"column":8},"end":{"line":41,"column":11}},"14":{"start":{"line":25,"column":33},"end":{"line":25,"column":47}},"15":{"start":{"line":26,"column":29},"end":{"line":26,"column":89}},"16":{"start":{"line":27,"column":36},"end":{"line":27,"column":38}},"17":{"start":{"line":28,"column":12},"end":{"line":39,"column":13}},"18":{"start":{"line":29,"column":35},"end":{"line":29,"column":43}},"19":{"start":{"line":30,"column":29},"end":{"line":31,"column":57}},"20":{"start":{"line":33,"column":28},"end":{"line":33,"column":69}},"21":{"start":{"line":34,"column":26},"end":{"line":34,"column":65}},"22":{"start":{"line":35,"column":28},"end":{"line":35,"column":82}},"23":{"start":{"line":36,"column":41},"end":{"line":36,"column":106}},"24":{"start":{"line":37,"column":16},"end":{"line":37,"column":59}},"25":{"start":{"line":38,"column":16},"end":{"line":38,"column":72}},"26":{"start":{"line":40,"column":12},"end":{"line":40,"column":72}},"27":{"start":{"line":44,"column":21},"end":{"line":44,"column":54}},"28":{"start":{"line":45,"column":25},"end":{"line":45,"column":88}},"29":{"start":{"line":46,"column":8},"end":{"line":48,"column":9}},"30":{"start":{"line":47,"column":12},"end":{"line":47,"column":141}},"31":{"start":{"line":60,"column":0},"end":{"line":60,"column":25}}},"fnMap":{"0":{"name":"(anonymous_0)","decl":{"start":{"line":10,"column":4},"end":{"line":10,"column":5}},"loc":{"start":{"line":10,"column":28},"end":{"line":42,"column":5}},"line":10},"1":{"name":"(anonymous_1)","decl":{"start":{"line":18,"column":38},"end":{"line":18,"column":39}},"loc":{"start":{"line":18,"column":46},"end":{"line":23,"column":9}},"line":18},"2":{"name":"(anonymous_2)","decl":{"start":{"line":24,"column":53},"end":{"line":24,"column":54}},"loc":{"start":{"line":24,"column":62},"end":{"line":41,"column":9}},"line":24},"3":{"name":"(anonymous_3)","decl":{"start":{"line":43,"column":4},"end":{"line":43,"column":5}},"loc":{"start":{"line":43,"column":54},"end":{"line":58,"column":5}},"line":43}},"branchMap":{"0":{"loc":{"start":{"line":30,"column":30},"end":{"line":30,"column":76}},"type":"cond-expr","locations":[{"start":{"line":30,"column":70},"end":{"line":30,"column":71}},{"start":{"line":30,"column":74},"end":{"line":30,"column":76}}],"line":30},"1":{"loc":{"start":{"line":46,"column":8},"end":{"line":48,"column":9}},"type":"if","locations":[{"start":{"line":46,"column":8},"end":{"line":48,"column":9}},{"start":{"line":46,"column":8},"end":{"line":48,"column":9}}],"line":46}},"s":{"0":0,"1":0,"2":0,"3":0,"4":0,"5":0,"6":0,"7":0,"8":0,"9":0,"10":0,"11":0,"12":0,"13":0,"14":0,"15":0,"16":0,"17":0,"18":0,"19":0,"20":0,"21":0,"22":0,"23":0,"24":0,"25":0,"26":0,"27":0,"28":0,"29":0,"30":0,"31":0},"f":{"0":0,"1":0,"2":0,"3":0},"b":{"0":[0,0],"1":[0,0]}}
,"/Users/andrew/github/neo4j/graph-diagram/src/graphDiagram/layout/LayoutEntity.ts": {"path":"/Users/andrew/github/neo4j/graph-diagram/src/graphDiagram/layout/LayoutEntity.ts","statementMap":{"0":{"start":{"line":1,"column":13},"end":{"line":1,"column":1292}},"1":{"start":{"line":1,"column":1292},"end":{"line":1,"column":1305}},"2":{"start":{"line":2,"column":0},"end":{"line":2,"column":62}},"3":{"start":{"line":5,"column":8},"end":{"line":5,"column":28}},"4":{"start":{"line":6,"column":8},"end":{"line":6,"column":35}},"5":{"start":{"line":9,"column":0},"end":{"line":9,"column":31}}},"fnMap":{"0":{"name":"(anonymous_0)","decl":{"start":{"line":4,"column":4},"end":{"line":4,"column":5}},"loc":{"start":{"line":4,"column":24},"end":{"line":7,"column":5}},"line":4}},"branchMap":{},"s":{"0":0,"1":0,"2":0,"3":0,"4":0,"5":0},"f":{"0":0},"b":{}}
,"/Users/andrew/github/neo4j/graph-diagram/src/graphDiagram/layout/LayoutModel.ts": {"path":"/Users/andrew/github/neo4j/graph-diagram/src/graphDiagram/layout/LayoutModel.ts","statementMap":{"0":{"start":{"line":1,"column":13},"end":{"line":1,"column":1430}},"1":{"start":{"line":1,"column":1430},"end":{"line":1,"column":1443}},"2":{"start":{"line":2,"column":0},"end":{"line":2,"column":62}},"3":{"start":{"line":5,"column":8},"end":{"line":5,"column":32}},"4":{"start":{"line":6,"column":8},"end":{"line":6,"column":24}},"5":{"start":{"line":7,"column":8},"end":{"line":7,"column":32}},"6":{"start":{"line":8,"column":8},"end":{"line":8,"column":37}},"7":{"start":{"line":11,"column":0},"end":{"line":11,"column":30}}},"fnMap":{"0":{"name":"(anonymous_0)","decl":{"start":{"line":4,"column":4},"end":{"line":4,"column":5}},"loc":{"start":{"line":4,"column":23},"end":{"line":9,"column":5}},"line":4}},"branchMap":{},"s":{"0":0,"1":0,"2":0,"3":0,"4":0,"5":0,"6":0,"7":0},"f":{"0":0},"b":{}}
,"/Users/andrew/github/neo4j/graph-diagram/src/graphDiagram/layout/LayoutNode.ts": {"path":"/Users/andrew/github/neo4j/graph-diagram/src/graphDiagram/layout/LayoutNode.ts","statementMap":{"0":{"start":{"line":1,"column":13},"end":{"line":1,"column":13938}},"1":{"start":{"line":1,"column":13938},"end":{"line":1,"column":13951}},"2":{"start":{"line":2,"column":0},"end":{"line":2,"column":62}},"3":{"start":{"line":3,"column":23},"end":{"line":3,"column":49}},"4":{"start":{"line":4,"column":23},"end":{"line":4,"column":56}},"5":{"start":{"line":5,"column":27},"end":{"line":5,"column":64}},"6":{"start":{"line":6,"column":17},"end":{"line":6,"column":44}},"7":{"start":{"line":9,"column":8},"end":{"line":9,"column":25}},"8":{"start":{"line":10,"column":8},"end":{"line":10,"column":37}},"9":{"start":{"line":11,"column":8},"end":{"line":11,"column":32}},"10":{"start":{"line":12,"column":8},"end":{"line":12,"column":32}},"11":{"start":{"line":13,"column":34},"end":{"line":13,"column":71}},"12":{"start":{"line":14,"column":8},"end":{"line":14,"column":49}},"13":{"start":{"line":15,"column":8},"end":{"line":15,"column":61}},"14":{"start":{"line":16,"column":8},"end":{"line":16,"column":71}},"15":{"start":{"line":17,"column":8},"end":{"line":17,"column":102}},"16":{"start":{"line":25,"column":25},"end":{"line":25,"column":84}},"17":{"start":{"line":27,"column":27},"end":{"line":27,"column":28}},"18":{"start":{"line":28,"column":27},"end":{"line":28,"column":29}},"19":{"start":{"line":29,"column":8},"end":{"line":58,"column":9}},"20":{"start":{"line":30,"column":26},"end":{"line":30,"column":83}},"21":{"start":{"line":31,"column":27},"end":{"line":31,"column":61}},"22":{"start":{"line":32,"column":29},"end":{"line":32,"column":65}},"23":{"start":{"line":33,"column":29},"end":{"line":33,"column":109}},"24":{"start":{"line":34,"column":30},"end":{"line":34,"column":74}},"25":{"start":{"line":35,"column":28},"end":{"line":35,"column":56}},"26":{"start":{"line":37,"column":32},"end":{"line":37,"column":66}},"27":{"start":{"line":38,"column":16},"end":{"line":38,"column":88}},"28":{"start":{"line":40,"column":24},"end":{"line":40,"column":47}},"29":{"start":{"line":41,"column":30},"end":{"line":41,"column":43}},"30":{"start":{"line":42,"column":12},"end":{"line":50,"column":13}},"31":{"start":{"line":43,"column":16},"end":{"line":49,"column":17}},"32":{"start":{"line":44,"column":20},"end":{"line":44,"column":51}},"33":{"start":{"line":45,"column":20},"end":{"line":45,"column":48}},"34":{"start":{"line":48,"column":20},"end":{"line":48,"column":55}},"35":{"start":{"line":51,"column":12},"end":{"line":51,"column":43}},"36":{"start":{"line":52,"column":12},"end":{"line":57,"column":13}},"37":{"start":{"line":53,"column":28},"end":{"line":53,"column":117}},"38":{"start":{"line":54,"column":32},"end":{"line":54,"column":61}},"39":{"start":{"line":55,"column":32},"end":{"line":55,"column":110}},"40":{"start":{"line":56,"column":16},"end":{"line":56,"column":114}},"41":{"start":{"line":59,"column":31},"end":{"line":59,"column":89}},"42":{"start":{"line":60,"column":24},"end":{"line":60,"column":80}},"43":{"start":{"line":61,"column":8},"end":{"line":63,"column":9}},"44":{"start":{"line":62,"column":12},"end":{"line":62,"column":37}},"45":{"start":{"line":64,"column":21},"end":{"line":64,"column":67}},"46":{"start":{"line":65,"column":8},"end":{"line":65,"column":87}},"47":{"start":{"line":66,"column":8},"end":{"line":66,"column":81}},"48":{"start":{"line":67,"column":8},"end":{"line":70,"column":44}},"49":{"start":{"line":74,"column":0},"end":{"line":74,"column":29}}},"fnMap":{"0":{"name":"(anonymous_0)","decl":{"start":{"line":8,"column":4},"end":{"line":8,"column":5}},"loc":{"start":{"line":8,"column":27},"end":{"line":18,"column":5}},"line":8},"1":{"name":"(anonymous_1)","decl":{"start":{"line":19,"column":4},"end":{"line":19,"column":5}},"loc":{"start":{"line":19,"column":32},"end":{"line":72,"column":5}},"line":19},"2":{"name":"idealLength","decl":{"start":{"line":36,"column":21},"end":{"line":36,"column":32}},"loc":{"start":{"line":36,"column":38},"end":{"line":39,"column":13}},"line":36}},"branchMap":{"0":{"loc":{"start":{"line":29,"column":8},"end":{"line":58,"column":9}},"type":"if","locations":[{"start":{"line":29,"column":8},"end":{"line":58,"column":9}},{"start":{"line":29,"column":8},"end":{"line":58,"column":9}}],"line":29},"1":{"loc":{"start":{"line":43,"column":16},"end":{"line":49,"column":17}},"type":"if","locations":[{"start":{"line":43,"column":16},"end":{"line":49,"column":17}},{"start":{"line":43,"column":16},"end":{"line":49,"column":17}}],"line":43},"2":{"loc":{"start":{"line":55,"column":46},"end":{"line":55,"column":109}},"type":"cond-expr","locations":[{"start":{"line":55,"column":64},"end":{"line":55,"column":85}},{"start":{"line":55,"column":88},"end":{"line":55,"column":109}}],"line":55},"3":{"loc":{"start":{"line":59,"column":31},"end":{"line":59,"column":89}},"type":"cond-expr","locations":[{"start":{"line":59,"column":57},"end":{"line":59,"column":80}},{"start":{"line":59,"column":83},"end":{"line":59,"column":89}}],"line":59},"4":{"loc":{"start":{"line":61,"column":8},"end":{"line":63,"column":9}},"type":"if","locations":[{"start":{"line":61,"column":8},"end":{"line":63,"column":9}},{"start":{"line":61,"column":8},"end":{"line":63,"column":9}}],"line":61}},"s":{"0":0,"1":0,"2":0,"3":0,"4":0,"5":0,"6":0,"7":0,"8":0,"9":0,"10":0,"11":0,"12":0,"13":0,"14":0,"15":0,"16":0,"17":0,"18":0,"19":0,"20":0,"21":0,"22":0,"23":0,"24":0,"25":0,"26":0,"27":0,"28":0,"29":0,"30":0,"31":0,"32":0,"33":0,"34":0,"35":0,"36":0,"37":0,"38":0,"39":0,"40":0,"41":0,"42":0,"43":0,"44":0,"45":0,"46":0,"47":0,"48":0,"49":0},"f":{"0":0,"1":0,"2":0},"b":{"0":[0,0],"1":[0,0],"2":[0,0],"3":[0,0],"4":[0,0]}}
,"/Users/andrew/github/neo4j/graph-diagram/src/graphDiagram/layout/LayoutRelationship.ts": {"path":"/Users/andrew/github/neo4j/graph-diagram/src/graphDiagram/layout/LayoutRelationship.ts","statementMap":{"0":{"start":{"line":1,"column":13},"end":{"line":1,"column":2817}},"1":{"start":{"line":1,"column":2817},"end":{"line":1,"column":2830}},"2":{"start":{"line":2,"column":0},"end":{"line":2,"column":62}},"3":{"start":{"line":3,"column":23},"end":{"line":3,"column":56}},"4":{"start":{"line":4,"column":35},"end":{"line":4,"column":80}},"5":{"start":{"line":7,"column":8},"end":{"line":7,"column":33}},"6":{"start":{"line":8,"column":8},"end":{"line":8,"column":27}},"7":{"start":{"line":9,"column":8},"end":{"line":9,"column":23}},"8":{"start":{"line":10,"column":8},"end":{"line":10,"column":27}},"9":{"start":{"line":11,"column":8},"end":{"line":11,"column":102}},"10":{"start":{"line":12,"column":8},"end":{"line":12,"column":39}},"11":{"start":{"line":15,"column":0},"end":{"line":15,"column":37}}},"fnMap":{"0":{"name":"(anonymous_0)","decl":{"start":{"line":6,"column":4},"end":{"line":6,"column":5}},"loc":{"start":{"line":6,"column":54},"end":{"line":13,"column":5}},"line":6}},"branchMap":{},"s":{"0":0,"1":0,"2":0,"3":0,"4":0,"5":0,"6":0,"7":0,"8":0,"9":0,"10":0,"11":0},"f":{"0":0},"b":{}}
,"/Users/andrew/github/neo4j/graph-diagram/src/graphDiagram/markup/Markup.ts": {"path":"/Users/andrew/github/neo4j/graph-diagram/src/graphDiagram/markup/Markup.ts","statementMap":{"0":{"start":{"line":1,"column":13},"end":{"line":1,"column":23449}},"1":{"start":{"line":1,"column":23449},"end":{"line":1,"column":23462}},"2":{"start":{"line":2,"column":0},"end":{"line":2,"column":62}},"3":{"start":{"line":3,"column":11},"end":{"line":3,"column":24}},"4":{"start":{"line":4,"column":16},"end":{"line":4,"column":41}},"5":{"start":{"line":5,"column":22},"end":{"line":5,"column":53}},"6":{"start":{"line":8,"column":21},"end":{"line":8,"column":23}},"7":{"start":{"line":9,"column":8},"end":{"line":15,"column":11}},"8":{"start":{"line":10,"column":23},"end":{"line":10,"column":38}},"9":{"start":{"line":11,"column":25},"end":{"line":11,"column":43}},"10":{"start":{"line":14,"column":12},"end":{"line":14,"column":32}},"11":{"start":{"line":16,"column":8},"end":{"line":16,"column":22}},"12":{"start":{"line":19,"column":8},"end":{"line":35,"column":10}},"13":{"start":{"line":20,"column":35},"end":{"line":20,"column":50}},"14":{"start":{"line":21,"column":12},"end":{"line":23,"column":13}},"15":{"start":{"line":22,"column":16},"end":{"line":22,"column":80}},"16":{"start":{"line":24,"column":27},"end":{"line":24,"column":63}},"17":{"start":{"line":26,"column":12},"end":{"line":33,"column":15}},"18":{"start":{"line":27,"column":16},"end":{"line":32,"column":17}},"19":{"start":{"line":28,"column":20},"end":{"line":28,"column":56}},"20":{"start":{"line":30,"column":16},"end":{"line":32,"column":17}},"21":{"start":{"line":31,"column":20},"end":{"line":31,"column":78}},"22":{"start":{"line":34,"column":12},"end":{"line":34,"column":89}},"23":{"start":{"line":38,"column":20},"end":{"line":38,"column":41}},"24":{"start":{"line":39,"column":8},"end":{"line":41,"column":9}},"25":{"start":{"line":40,"column":12},"end":{"line":40,"column":72}},"26":{"start":{"line":42,"column":8},"end":{"line":44,"column":9}},"27":{"start":{"line":43,"column":12},"end":{"line":43,"column":72}},"28":{"start":{"line":45,"column":28},"end":{"line":45,"column":72}},"29":{"start":{"line":46,"column":38},"end":{"line":46,"column":92}},"30":{"start":{"line":47,"column":8},"end":{"line":47,"column":83}},"31":{"start":{"line":48,"column":8},"end":{"line":48,"column":103}},"32":{"start":{"line":49,"column":8},"end":{"line":49,"column":31}},"33":{"start":{"line":50,"column":36},"end":{"line":50,"column":88}},"34":{"start":{"line":51,"column":46},"end":{"line":51,"column":108}},"35":{"start":{"line":52,"column":8},"end":{"line":52,"column":99}},"36":{"start":{"line":53,"column":8},"end":{"line":53,"column":119}},"37":{"start":{"line":54,"column":8},"end":{"line":54,"column":39}},"38":{"start":{"line":55,"column":8},"end":{"line":67,"column":11}},"39":{"start":{"line":56,"column":29},"end":{"line":56,"column":44}},"40":{"start":{"line":57,"column":21},"end":{"line":57,"column":52}},"41":{"start":{"line":58,"column":23},"end":{"line":58,"column":43}},"42":{"start":{"line":59,"column":12},"end":{"line":59,"column":55}},"43":{"start":{"line":60,"column":12},"end":{"line":60,"column":59}},"44":{"start":{"line":61,"column":12},"end":{"line":61,"column":59}},"45":{"start":{"line":62,"column":12},"end":{"line":64,"column":15}},"46":{"start":{"line":63,"column":16},"end":{"line":63,"column":54}},"47":{"start":{"line":65,"column":12},"end":{"line":65,"column":82}},"48":{"start":{"line":66,"column":12},"end":{"line":66,"column":63}},"49":{"start":{"line":68,"column":8},"end":{"line":84,"column":11}},"50":{"start":{"line":70,"column":37},"end":{"line":70,"column":52}},"51":{"start":{"line":71,"column":25},"end":{"line":71,"column":73}},"52":{"start":{"line":72,"column":23},"end":{"line":72,"column":69}},"53":{"start":{"line":73,"column":31},"end":{"line":73,"column":105}},"54":{"start":{"line":74,"column":12},"end":{"line":74,"column":71}},"55":{"start":{"line":75,"column":12},"end":{"line":78,"column":15}},"56":{"start":{"line":76,"column":16},"end":{"line":76,"column":71}},"57":{"start":{"line":80,"column":23},"end":{"line":80,"column":115}},"58":{"start":{"line":82,"column":12},"end":{"line":82,"column":86}},"59":{"start":{"line":85,"column":8},"end":{"line":85,"column":21}},"60":{"start":{"line":88,"column":17},"end":{"line":91,"column":56}},"61":{"start":{"line":93,"column":12},"end":{"line":102,"column":13}},"62":{"start":{"line":94,"column":25},"end":{"line":95,"column":43}},"63":{"start":{"line":96,"column":16},"end":{"line":101,"column":19}},"64":{"start":{"line":97,"column":20},"end":{"line":98,"column":39}},"65":{"start":{"line":99,"column":20},"end":{"line":100,"column":41}},"66":{"start":{"line":104,"column":8},"end":{"line":116,"column":11}},"67":{"start":{"line":105,"column":21},"end":{"line":109,"column":34}},"68":{"start":{"line":110,"column":12},"end":{"line":114,"column":13}},"69":{"start":{"line":111,"column":16},"end":{"line":113,"column":35}},"70":{"start":{"line":115,"column":12},"end":{"line":115,"column":39}},"71":{"start":{"line":117,"column":8},"end":{"line":128,"column":11}},"72":{"start":{"line":118,"column":21},"end":{"line":121,"column":48}},"73":{"start":{"line":122,"column":12},"end":{"line":126,"column":13}},"74":{"start":{"line":123,"column":16},"end":{"line":125,"column":52}},"75":{"start":{"line":127,"column":12},"end":{"line":127,"column":47}},"76":{"start":{"line":131,"column":0},"end":{"line":131,"column":25}}},"fnMap":{"0":{"name":"(anonymous_0)","decl":{"start":{"line":7,"column":4},"end":{"line":7,"column":5}},"loc":{"start":{"line":7,"column":31},"end":{"line":17,"column":5}},"line":7},"1":{"name":"(anonymous_1)","decl":{"start":{"line":9,"column":23},"end":{"line":9,"column":24}},"loc":{"start":{"line":9,"column":35},"end":{"line":15,"column":9}},"line":9},"2":{"name":"(anonymous_2)","decl":{"start":{"line":18,"column":4},"end":{"line":18,"column":5}},"loc":{"start":{"line":18,"column":50},"end":{"line":36,"column":5}},"line":18},"3":{"name":"(anonymous_3)","decl":{"start":{"line":19,"column":15},"end":{"line":19,"column":16}},"loc":{"start":{"line":19,"column":27},"end":{"line":35,"column":9}},"line":19},"4":{"name":"(anonymous_4)","decl":{"start":{"line":26,"column":26},"end":{"line":26,"column":27}},"loc":{"start":{"line":26,"column":38},"end":{"line":33,"column":13}},"line":26},"5":{"name":"(anonymous_5)","decl":{"start":{"line":37,"column":4},"end":{"line":37,"column":5}},"loc":{"start":{"line":37,"column":28},"end":{"line":86,"column":5}},"line":37},"6":{"name":"(anonymous_6)","decl":{"start":{"line":55,"column":42},"end":{"line":55,"column":43}},"loc":{"start":{"line":55,"column":54},"end":{"line":67,"column":9}},"line":55},"7":{"name":"(anonymous_7)","decl":{"start":{"line":62,"column":51},"end":{"line":62,"column":52}},"loc":{"start":{"line":62,"column":63},"end":{"line":64,"column":13}},"line":62},"8":{"name":"(anonymous_8)","decl":{"start":{"line":68,"column":50},"end":{"line":68,"column":51}},"loc":{"start":{"line":68,"column":62},"end":{"line":84,"column":9}},"line":68},"9":{"name":"(anonymous_9)","decl":{"start":{"line":75,"column":56},"end":{"line":75,"column":57}},"loc":{"start":{"line":75,"column":68},"end":{"line":78,"column":13}},"line":75},"10":{"name":"(anonymous_10)","decl":{"start":{"line":87,"column":4},"end":{"line":87,"column":5}},"loc":{"start":{"line":87,"column":36},"end":{"line":129,"column":5}},"line":87},"11":{"name":"formatProperties","decl":{"start":{"line":92,"column":17},"end":{"line":92,"column":33}},"loc":{"start":{"line":92,"column":46},"end":{"line":103,"column":9}},"line":92},"12":{"name":"(anonymous_12)","decl":{"start":{"line":96,"column":49},"end":{"line":96,"column":50}},"loc":{"start":{"line":96,"column":69},"end":{"line":101,"column":17}},"line":96},"13":{"name":"(anonymous_13)","decl":{"start":{"line":104,"column":33},"end":{"line":104,"column":34}},"loc":{"start":{"line":104,"column":49},"end":{"line":116,"column":9}},"line":104},"14":{"name":"(anonymous_14)","decl":{"start":{"line":117,"column":41},"end":{"line":117,"column":42}},"loc":{"start":{"line":117,"column":65},"end":{"line":128,"column":9}},"line":117}},"branchMap":{"0":{"loc":{"start":{"line":18,"column":35},"end":{"line":1
[...]
,"/Users/andrew/github/neo4j/graph-diagram/src/graphDiagram/model/Relationship.ts": {"path":"/Users/andrew/github/neo4j/graph-diagram/src/graphDiagram/model/Relationship.ts","statementMap":{"0":{"start":{"line":1,"column":13},"end":{"line":1,"column":3598}},"1":{"start":{"line":1,"column":3598},"end":{"line":1,"column":3611}},"2":{"start":{"line":2,"column":0},"end":{"line":2,"column":62}},"3":{"start":{"line":3,"column":17},"end":{"line":3,"column":36}},"4":{"start":{"line":4,"column":21},"end":{"line":4,"column":44}},"5":{"start":{"line":5,"column":22},"end":{"line":5,"column":46}},"6":{"start":{"line":8,"column":8},"end":{"line":8,"column":21}},"7":{"start":{"line":9,"column":8},"end":{"line":9,"column":36}},"8":{"start":{"line":10,"column":8},"end":{"line":10,"column":27}},"9":{"start":{"line":11,"column":8},"end":{"line":11,"column":23}},"10":{"start":{"line":12,"column":8},"end":{"line":12,"column":97}},"11":{"start":{"line":13,"column":8},"end":{"line":13,"column":83}},"12":{"start":{"line":16,"column":8},"end":{"line":16,"column":54}},"13":{"start":{"line":19,"column":8},"end":{"line":19,"column":38}},"14":{"start":{"line":22,"column":23},"end":{"line":22,"column":33}},"15":{"start":{"line":23,"column":8},"end":{"line":23,"column":30}},"16":{"start":{"line":24,"column":8},"end":{"line":24,"column":28}},"17":{"start":{"line":27,"column":0},"end":{"line":27,"column":31}}},"fnMap":{"0":{"name":"(anonymous_0)","decl":{"start":{"line":7,"column":4},"end":{"line":7,"column":5}},"loc":{"start":{"line":7,"column":35},"end":{"line":14,"column":5}},"line":7},"1":{"name":"(anonymous_1)","decl":{"start":{"line":15,"column":4},"end":{"line":15,"column":5}},"loc":{"start":{"line":15,"column":47},"end":{"line":17,"column":5}},"line":15},"2":{"name":"(anonymous_2)","decl":{"start":{"line":18,"column":4},"end":{"line":18,"column":5}},"loc":{"start":{"line":18,"column":27},"end":{"line":20,"column":5}},"line":18},"3":{"name":"(anonymous_3)","decl":{"start":{"line":21,"column":4},"end":{"line":21,"column":5}},"loc":{"start":{"line":21,"column":14},"end":{"line":25,"column":5}},"line":21}},"branchMap":{},"s":{"0":0,"1":0,"2":0,"3":0,"4":0,"5":0,"6":0,"7":0,"8":0,"9":0,"10":0,"11":0,"12":0,"13":0,"14":0,"15":0,"16":0,"17":0},"f":{"0":0,"1":0,"2":0,"3":0},"b":{}}
,"/Users/andrew/github/neo4j/graph-diagram/src/graphDiagram/model/SimpleStyle.ts": {"path":"/Users/andrew/github/neo4j/graph-diagram/src/graphDiagram/model/SimpleStyle.ts","statementMap":{"0":{"start":{"line":6,"column":8},"end":{"line":6,"column":26}},"1":{"start":{"line":8,"column":8},"end":{"line":22,"column":9}},"2":{"start":{"line":9,"column":27},"end":{"line":9,"column":49}},"3":{"start":{"line":11,"column":12},"end":{"line":15,"column":13}},"4":{"start":{"line":12,"column":16},"end":{"line":14,"column":17}},"5":{"start":{"line":13,"column":20},"end":{"line":13,"column":54}},"6":{"start":{"line":17,"column":27},"end":{"line":17,"column":41}},"7":{"start":{"line":19,"column":12},"end":{"line":21,"column":13}},"8":{"start":{"line":20,"column":16},"end":{"line":20,"column":50}},"9":{"start":{"line":27,"column":8},"end":{"line":34,"column":9}},"10":{"start":{"line":28,"column":12},"end":{"line":28,"column":60}},"11":{"start":{"line":29,"column":12},"end":{"line":29,"column":24}},"12":{"start":{"line":30,"column":15},"end":{"line":34,"column":9}},"13":{"start":{"line":31,"column":12},"end":{"line":31,"column":48}},"14":{"start":{"line":33,"column":12},"end":{"line":33,"column":32}},"15":{"start":{"line":39,"column":28},"end":{"line":39,"column":76}},"16":{"start":{"line":40,"column":8},"end":{"line":43,"column":9}},"17":{"start":{"line":42,"column":12},"end":{"line":42,"column":83}},"18":{"start":{"line":44,"column":8},"end":{"line":46,"column":9}},"19":{"start":{"line":45,"column":12},"end":{"line":45,"column":65}},"20":{"start":{"line":47,"column":8},"end":{"line":47,"column":54}},"21":{"start":{"line":52,"column":33},"end":{"line":52,"column":72}},"22":{"start":{"line":53,"column":8},"end":{"line":55,"column":9}},"23":{"start":{"line":54,"column":12},"end":{"line":54,"column":60}},"24":{"start":{"line":56,"column":8},"end":{"line":56,"column":80}},"25":{"start":{"line":57,"column":8},"end":{"line":57,"column":88}},"26":{"start":{"line":58,"column":8},"end":{"line":58,"column":92}},"27":{"start":{"line":59,"column":8},"end":{"line":59,"column":88}},"28":{"start":{"line":60,"column":8},"end":{"line":60,"column":86}},"29":{"start":{"line":61,"column":8},"end":{"line":61,"column":88}},"30":{"start":{"line":62,"column":8},"end":{"line":62,"column":80}},"31":{"start":{"line":63,"column":8},"end":{"line":63,"column":102}},"32":{"start":{"line":64,"column":8},"end":{"line":64,"column":98}},"33":{"start":{"line":65,"column":8},"end":{"line":65,"column":98}},"34":{"start":{"line":66,"column":8},"end":{"line":66,"column":98}},"35":{"start":{"line":1,"column":0},"end":{"line":69,"column":1}}},"fnMap":{"0":{"name":"(anonymous_0)","decl":{"start":{"line":5,"column":4},"end":{"line":5,"column":15}},"loc":{"start":{"line":5,"column":50},"end":{"line":23,"column":5}}},"1":{"name":"(anonymous_1)","decl":{"start":{"line":25,"column":4},"end":{"line":25,"column":8}},"loc":{"start":{"line":25,"column":60},"end":{"line":35,"column":5}}},"2":{"name":"(anonymous_2)","decl":{"start":{"line":37,"column":4},"end":{"line":37,"column":9}},"loc":{"start":{"line":37,"column":132},"end":{"line":48,"column":5}}},"3":{"name":"(anonymous_3)","decl":{"start":{"line":50,"column":4},"end":{"line":50,"column":9}},"loc":{"start":{"line":50,"column":71},"end":{"line":67,"column":5}}}},"branchMap":{"0":{"loc":{"start":{"line":8,"column":8},"end":{"line":22,"column":9}},"type":"if","locations":[{"start":{"line":8,"column":8},"end":{"line":22,"column":9}},{"start":{"line":8,"column":8},"end":{"line":22,"column":9}}]},"1":{"loc":{"start":{"line":8,"column":12},"end":{"line":8,"column":26}},"type":"binary-expr","locations":[{"start":{"line":8,"column":12},"end":{"line":8,"column":26}},{"start":{"line":8,"column":31},"end":{"line":8,"column":68}}]},"2":{"loc":{"start":{"line":12,"column":16},"end":{"line":14,"column":17}},"type":"if","locations":[{"start":{"line":12,"column":16},"end":{"line":14,"column":17}},{"start":{"line":12,"column":16},"end":{"line":14,"column":17}}]},"3":{"loc":{"start":{"line":27,"column":8},"end":{"line":34,"column":9}},"type":"if","locations":[{"start":{"line":27,"column":8},"end":{"line":34,"column":9}},{"start":{"line":27,"column":8},"end":{"line":34,"column":9}}]},"4":{"loc":{"start":{"line":27,"column":12},"end":{"line":27,"column":26}},"type":"binary-expr","locations":[{"start":{"line":27,"column":12},"end":{"line":27,"column":26}},{"start":{"line":27,"column":30},"end":{"line":27,"column":46}}]},"5":{"loc":{"start":{"line":30,"column":15},"end":{"line":34,"column":9}},"type":"if","locations":[{"start":{"line":30,"column":15},"end":{"line":34,"column":9}},{"start":{"line":30,"column":15},"end":{"line":34,"column":9}}]},"6":{"loc":{"start":{"line":37,"column":127},"end":{"line":37,"column":132}},"type":"default-arg","locations":[{"start":{"line":37,"column":127},"end":{"line":37,"column":132}}]},"7":{"loc":{"start":{"line":40,"column":8},"end":{"line":43,"column":9}},"type":"if","locations":[{"start":{"line":40,"column":8},"end":{"line":43,"column":9}},{"start":{"line":40,"column":8},"end":{"line":43,"column":9}}]},"8":{"loc":{"start":{"line":44,"column":8},"end":{"line":46,"column":9}},"type":"if","locations":[{"start":{"line":44,"column":8},"end":{"line":46,"column":9}},{"start":{"line":44,"column":8},"end":{"line":46,"column":9}}]},"9":{"loc":{"start":{"line":50,"column":66},"end":{"line":50,"column":71}},"type":"default-arg","locations":[{"start":{"line":50,"column":66},"end":{"line":50,"column":71}}]},"10":{"loc":{"start":{"line":53,"column":8},"end":{"line":55,"column":9}},"type":"if","locations":[{"start":{"line":53,"column":8},"end":{"line":55,"column":9}},{"start":{"line":53,"column":8},"end":{"line":55,"column":9}}]}},"s":{"0":1,"1":1,"2":0,"3":0,"4":0,"5":0,"6":1,"7":1,"8":0,"9":0,"10":0,"11":0,"12":0,"13":0,"14":0,"15":0,"16":0,"17":0,"18":0,"19":0,"20":0,"21":0,"22":0,"23":0,"24":0,"25":0,"26":0,"27":0,"28":0,"29":0,"30":0,"31":0,"32":0,"33":0,"34":0,"35":1},"f":{"0":1,"1":0,"2":0,"3":0},"b":{"0":[0,1],"1":[1,0],"2":[0,0],"3":[0,0],"4":[0,0],"5":[0,0],"6":[0],"7":[0,0],"8":[0,0],"9":[0],"10":[0,0]}}
,"/Users/andrew/github/neo4j/graph-diagram/src/graphDiagram/scaling/Scaling.ts": {"path":"/Users/andrew/github/neo4j/graph-diagram/src/graphDiagram/scaling/Scaling.ts","statementMap":{"0":{"start":{"line":1,"column":13},"end":{"line":1,"column":28216}},"1":{"start":{"line":1,"column":28216},"end":{"line":1,"column":28229}},"2":{"start":{"line":2,"column":0},"end":{"line":2,"column":62}},"3":{"start":{"line":3,"column":23},"end":{"line":3,"column":49}},"4":{"start":{"line":10,"column":21},"end":{"line":10,"column":42}},"5":{"start":{"line":11,"column":24},"end":{"line":11,"column":34}},"6":{"start":{"line":12,"column":8},"end":{"line":16,"column":42}},"7":{"start":{"line":21,"column":8},"end":{"line":25,"column":62}},"8":{"start":{"line":30,"column":8},"end":{"line":32,"column":9}},"9":{"start":{"line":31,"column":12},"end":{"line":31,"column":50}},"10":{"start":{"line":33,"column":8},"end":{"line":40,"column":11}},"11":{"start":{"line":34,"column":12},"end":{"line":38,"column":56}},"12":{"start":{"line":45,"column":12},"end":{"line":45,"column":55}},"13":{"start":{"line":47,"column":21},"end":{"line":51,"column":35}},"14":{"start":{"line":52,"column":8},"end":{"line":53,"column":74}},"15":{"start":{"line":56,"column":21},"end":{"line":56,"column":63}},"16":{"start":{"line":57,"column":21},"end":{"line":57,"column":65}},"17":{"start":{"line":58,"column":26},"end":{"line":58,"column":90}},"18":{"start":{"line":59,"column":8},"end":{"line":63,"column":58}},"19":{"start":{"line":68,"column":8},"end":{"line":83,"column":9}},"20":{"start":{"line":69,"column":12},"end":{"line":73,"column":75}},"21":{"start":{"line":77,"column":12},"end":{"line":81,"column":41}},"22":{"start":{"line":86,"column":25},"end":{"line":86,"column":36}},"23":{"start":{"line":87,"column":8},"end":{"line":91,"column":46}},"24":{"start":{"line":95,"column":18},"end":{"line":95,"column":123}},"25":{"start":{"line":96,"column":8},"end":{"line":97,"column":73}},"26":{"start":{"line":101,"column":31},"end":{"line":105,"column":40}},"27":{"start":{"line":107,"column":18},"end":{"line":107,"column":111}},"28":{"start":{"line":108,"column":8},"end":{"line":111,"column":73}},"29":{"start":{"line":115,"column":18},"end":{"line":115,"column":123}},"30":{"start":{"line":116,"column":8},"end":{"line":118,"column":73}},"31":{"start":{"line":122,"column":8},"end":{"line":125,"column":55}},"32":{"start":{"line":128,"column":33},"end":{"line":128,"column":53}},"33":{"start":{"line":129,"column":8},"end":{"line":158,"column":9}},"34":{"start":{"line":133,"column":36},"end":{"line":133,"column":81}},"35":{"start":{"line":134,"column":29},"end":{"line":138,"column":46}},"36":{"start":{"line":140,"column":32},"end":{"line":140,"column":74}},"37":{"start":{"line":142,"column":12},"end":{"line":155,"column":13}},"38":{"start":{"line":143,"column":16},"end":{"line":143,"column":33}},"39":{"start":{"line":146,"column":31},"end":{"line":146,"column":107}},"40":{"start":{"line":147,"column":16},"end":{"line":153,"column":57}},"41":{"start":{"line":156,"column":12},"end":{"line":157,"column":77}},"42":{"start":{"line":162,"column":18},"end":{"line":162,"column":60}},"43":{"start":{"line":163,"column":8},"end":{"line":166,"column":74}},"44":{"start":{"line":170,"column":0},"end":{"line":170,"column":26}}},"fnMap":{"0":{"name":"(anonymous_0)","decl":{"start":{"line":9,"column":4},"end":{"line":9,"column":5}},"loc":{"start":{"line":9,"column":25},"end":{"line":18,"column":5}},"line":9},"1":{"name":"(anonymous_1)","decl":{"start":{"line":20,"column":4},"end":{"line":20,"column":5}},"loc":{"start":{"line":20,"column":29},"end":{"line":27,"column":5}},"line":20},"2":{"name":"(anonymous_2)","decl":{"start":{"line":29,"column":4},"end":{"line":29,"column":5}},"loc":{"start":{"line":29,"column":27},"end":{"line":41,"column":5}},"line":29},"3":{"name":"(anonymous_3)","decl":{"start":{"line":33,"column":28},"end":{"line":33,"column":29}},"loc":{"start":{"line":33,"column":57},"end":{"line":40,"column":9}},"line":33},"4":{"name":"(anonymous_4)","decl":{"start":{"line":43,"column":4},"end":{"line":43,"column":5}},"loc":{"start":{"line":43,"column":46},"end":{"line":54,"column":5}},"line":43},"5":{"name":"boundingBox","decl":{"start":{"line":44,"column":17},"end":{"line":44,"column":28}},"loc":{"start":{"line":44,"column":37},"end":{"line":46,"column":9}},"line":44},"6":{"name":"(anonymous_6)","decl":{"start":{"line":55,"column":4},"end":{"line":55,"column":5}},"loc":{"start":{"line":55,"column":66},"end":{"line":65,"column":5}},"line":55},"7":{"name":"(anonymous_7)","decl":{"start":{"line":67,"column":4},"end":{"line":67,"column":5}},"loc":{"start":{"line":67,"column":43},"end":{"line":84,"column":5}},"line":67},"8":{"name":"(anonymous_8)","decl":{"start":{"line":85,"column":4},"end":{"line":85,"column":5}},"loc":{"start":{"line":85,"column":32},"end":{"line":93,"column":5}},"line":85},"9":{"name":"(anonymous_9)","decl":{"start":{"line":94,"column":4},"end":{"line":94,"column":5}},"loc":{"start":{"line":94,"column":59},"end":{"line":98,"column":5}},"line":94},"10":{"name":"(anonymous_10)","decl":{"start":{"line":100,"column":4},"end":{"line":100,"column":5}},"loc":{"start":{"line":100,"column":62},"end":{"line":112,"column":5}},"line":100},"11":{"name":"(anonymous_11)","decl":{"start":{"line":114,"column":4},"end":{"line":114,"column":5}},"loc":{"start":{"line":114,"column":65},"end":{"line":119,"column":5}},"line":114},"12":{"name":"(anonymous_12)","decl":{"start":{"line":121,"column":4},"end":{"line":121,"column":5}},"loc":{"start":{"line":121,"column":35},"end":{"line":126,"column":5}},"line":121},"13":{"name":"(anonymous_13)","decl":{"start":{"line":127,"column":4},"end":{"line":127,"column":5}},"loc":{"start":{"line":127,"column":49},"end":{"line":159,"column":5}},"line":127},"14":{"name":"(anonymous_14)","decl":{"start":{"line":161,"column":4},"end":{"line":161,"column":5}},"loc":{"start":{"line":161,"column":50},"end":{"line":167,"column":5}},"line":161}},"branchMap":{"0":{"loc":{"start":{"line":22,"column":16},"end":{"line":22,"column":57}},"type":"cond-expr","locations":[{"start":{"line":22,"column":32},"end":{"line":22,"column":37}},{"start":{"line":22,"column":40},"end":{"line":22,"column":57}}],"line":22},"1":{"loc":{"start":{"line":23,"column":16},"end":{"line":23,"column":59}},"type":"cond-expr","locations":[{"start":{"line":23,"column":33},"end":{"line":23,"column":38}},{"start":{"line":23,"column":41},"end":{"line":23,"column":59}}],"line":23},"2":{"loc":{"start":{"line":24,"column":16},"end":{"line":24,"column":57}},"type":"cond-expr","locations":[{"start":{"line":24,"column":32},"end":{"line":24,"column":37}},{"start":{"line":24,"column":40},"end":{"line":24,"column":57}}],"line":24},"3":{"loc":{"start":{"line":25,"column":16},"end":{"line":25,"column":59}},"type":"cond-expr","locations":[{"start":{"line":25,"column":33},"end":{"line":25,"column":38}},{"start":{"line":25,"column":41},"end":{"line":25,"column":59}}],"line":25},"4":{"loc":{"start":{"line":30,"column":8},"end":{"line":32,"column":9}},"type":"if","locations":[{"start":{"line":30,"column":8},"end":{"line":32,"column":9}},{"start":{"line":30,"column":8},"end":{"line":32,"column":9}}],"line":30},"5":{"loc":{"start":{"line":58,"column":26},"end":{"line":58,"column":90}},"type":"cond-expr","locations":[{"start":{"line":58,"column":53},"end":{"line":58,"column":54}},{"start":{"line":58,"column":57},"end":{"line":58,"column":90}}],"line":58},"6":{"loc":{"start":{"line":58,"column":26},"end":{"line":58,"column":50}},"type":"binary-expr","locations":[{"start":{"line":58,"column":26},"end":{"line":58,"column":36}},{"start":{"line":58,"column":40},"end":{"line":58,"column":50}}],"line":58},"7":{"loc":{"start":{"line":58,"column":57},"end":{"line":58,"column":90}},"type":"cond-expr","locations":[{"start":{"line":58,"column":75},"end":{"line":58,"column":81}},{"start":{"line":58,"column":84},"end":{"line":58,"column":90}}],"line":58},"8":{"loc":{"start":{"line":68,"column":8},"end":{"line":83,"column":9}},"type":"if","locations":[{"start":{"line":68,"column":8},"end":{"line":83,"column":9}},{"start":{"line":68,"column":8},"end":{"line":83,"column":9}}],"line":68},"9":{"loc":{"start":{"line":122,"column":15},"end":{"line":125,"column":54}},"type":"binary-expr","locations":[{"start":{"line":122,"column":15},"end":{"line":122,"column":32}},{"start":{"line":123,"column":8},"end":{"line":123,"column":25}},{"start":{"line":124,"column":8},"end":{"line":124,"column":52}},{"start":{"line":125,"column":8},"end":{"line":125,"column":54}}],"line":122},"10":{"loc":{"start":{"line":129,"column":8},"end":{"line":158,"column":9}},"type":"if","locations":[{"start":{"line":129,"column":8},"end":{"line":158,"column":9}},{"start":{"line":129,"column":8},"end":{"line":158,"column":9}}],"line":129},"11":{"loc":{"start":{"line":142,"column":12},"end":{"line":155,"column":13}},"type":"if","locations":[{"start":{"line":142,"column":12},"end":{"line":155,"column":13}},{"start":{"line":142,"column":12},"end":{"line":155,"column":13}}],"line":142}},"s":{"0":0,"1":0,"2":0,"3":0,"4":0,"5":0,"6":0,"7":0,"8":0,"9":0,"10":0,"11":0,"12":0,"13":0,"14":0,"15":0,"16":0,"17":0,"18":0,"19":0,"20":0,"21":0,"22":0,"23":0,"24":0,"25":0,"26":0,"27":0,"28":0,"29":0,"30":0,"31":0,"32":0,"33":0,"34":0,"35":0,"36":0,"37":0,"38":0,"39":0,"40":0,"41":0,"42":0,"43":0,"44":0},"f":{"0":0,"1":0,"2":0,"3":0,"4":0,"5":0,"6":0,"7":0,"8":0,"9":0,"10":0,"11":0,"12":0,"13":0,"14":0},"b":{"0":[0,0],"1":[0,0],"2":[0,0],"3":[0,0],"4":[0,0],"5":[0,0],"6":[0,0],"7":[0,0],"8":[0,0],"9":[0,0,0,0],"10":[0,0],"11":[0,0]}}
}
